2024-01-11 12:19:32,643 [Worker-4: Loading available Gradle versions] INFO  o.e.b.c.i.u.g.PublishedGradleVersions - Gradle version information cache is out-of-date. Trying to update.
2024-01-11 12:24:07,994 [Worker-2: Loading available Gradle versions] INFO  o.e.b.c.i.u.g.PublishedGradleVersions - Gradle version information cache is up-to-date. Trying to read.
2024-01-12 07:16:49,908 [Worker-1: Loading available Gradle versions] INFO  o.e.b.c.i.u.g.PublishedGradleVersions - Gradle version information cache is up-to-date. Trying to read.
2024-01-12 12:46:19,888 [Worker-0: Loading available Gradle versions] INFO  o.e.b.c.i.u.g.PublishedGradleVersions - Gradle version information cache is out-of-date. Trying to update.
2024-01-15 07:07:11,168 [Worker-3: Loading available Gradle versions] INFO  o.e.b.c.i.u.g.PublishedGradleVersions - Gradle version information cache is out-of-date. Trying to update.
2024-01-15 07:44:13,041 [Worker-2: Loading available Gradle versions] INFO  o.e.b.c.i.u.g.PublishedGradleVersions - Gradle version information cache is up-to-date. Trying to read.
2024-01-16 07:01:40,772 [Worker-0: Loading available Gradle versions] INFO  o.e.b.c.i.u.g.PublishedGradleVersions - Gradle version information cache is up-to-date. Trying to read.
2024-01-18 07:49:08,917 [Worker-0: Loading available Gradle versions] INFO  o.e.b.c.i.u.g.PublishedGradleVersions - Gradle version information cache is out-of-date. Trying to update.
2024-01-18 10:48:56,629 [Worker-1: Loading available Gradle versions] INFO  o.e.b.c.i.u.g.PublishedGradleVersions - Gradle version information cache is up-to-date. Trying to read.
2024-01-18 12:05:49,083 [Worker-1: Loading available Gradle versions] INFO  o.e.b.c.i.u.g.PublishedGradleVersions - Gradle version information cache is up-to-date. Trying to read.
2024-01-22 07:06:29,542 [Worker-2: Loading available Gradle versions] INFO  o.e.b.c.i.u.g.PublishedGradleVersions - Gradle version information cache is out-of-date. Trying to update.
2024-01-22 10:03:02,444 [Worker-0: Loading available Gradle versions] INFO  o.e.b.c.i.u.g.PublishedGradleVersions - Gradle version information cache is up-to-date. Trying to read.
2024-01-22 10:20:59,446 [Worker-1: Loading available Gradle versions] INFO  o.e.b.c.i.u.g.PublishedGradleVersions - Gradle version information cache is up-to-date. Trying to read.
2024-01-22 10:36:13,833 [Worker-0: Loading available Gradle versions] INFO  o.e.b.c.i.u.g.PublishedGradleVersions - Gradle version information cache is up-to-date. Trying to read.
2024-01-22 10:39:13,977 [Worker-0: Loading available Gradle versions] INFO  o.e.b.c.i.u.g.PublishedGradleVersions - Gradle version information cache is up-to-date. Trying to read.
2024-01-22 12:28:35,371 [ModalContext] INFO  o.e.m.c.i.e.AbstractTransferListenerAdapter - Downloading https://repo.maven.apache.org/maven2/org/apache/maven/archetypes/maven-archetype-quickstart/1.1/maven-archetype-quickstart-1.1.pom
2024-01-22 12:28:35,389 [ModalContext] INFO  o.e.m.c.i.e.AbstractTransferListenerAdapter - Downloaded https://repo.maven.apache.org/maven2/org/apache/maven/archetypes/maven-archetype-quickstart/1.1/maven-archetype-quickstart-1.1.pom
2024-01-22 12:28:35,648 [ModalContext] INFO  o.e.m.c.i.e.AbstractTransferListenerAdapter - Downloading https://repo.maven.apache.org/maven2/org/apache/maven/archetypes/maven-archetype-bundles/4/maven-archetype-bundles-4.pom
2024-01-22 12:28:35,656 [ModalContext] INFO  o.e.m.c.i.e.AbstractTransferListenerAdapter - Downloaded https://repo.maven.apache.org/maven2/org/apache/maven/archetypes/maven-archetype-bundles/4/maven-archetype-bundles-4.pom
2024-01-22 12:28:35,748 [ModalContext] INFO  o.e.m.c.i.e.AbstractTransferListenerAdapter - Downloading https://repo.maven.apache.org/maven2/org/apache/maven/archetype/maven-archetype/2.0-alpha-5/maven-archetype-2.0-alpha-5.pom
2024-01-22 12:28:35,755 [ModalContext] INFO  o.e.m.c.i.e.AbstractTransferListenerAdapter - Downloaded https://repo.maven.apache.org/maven2/org/apache/maven/archetype/maven-archetype/2.0-alpha-5/maven-archetype-2.0-alpha-5.pom
2024-01-22 12:28:35,831 [ModalContext] INFO  o.e.m.c.i.e.AbstractTransferListenerAdapter - Downloading https://repo.maven.apache.org/maven2/org/apache/maven/maven-parent/16/maven-parent-16.pom
2024-01-22 12:28:35,839 [ModalContext] INFO  o.e.m.c.i.e.AbstractTransferListenerAdapter - Downloaded https://repo.maven.apache.org/maven2/org/apache/maven/maven-parent/16/maven-parent-16.pom
2024-01-22 12:28:35,999 [ModalContext] INFO  o.e.m.c.i.e.AbstractTransferListenerAdapter - Downloading https://repo.maven.apache.org/maven2/org/apache/apache/7/apache-7.pom
2024-01-22 12:28:36,006 [ModalContext] INFO  o.e.m.c.i.e.AbstractTransferListenerAdapter - Downloaded https://repo.maven.apache.org/maven2/org/apache/apache/7/apache-7.pom
2024-01-22 12:28:36,089 [ModalContext] INFO  o.e.m.c.i.e.AbstractTransferListenerAdapter - Downloading https://repo.maven.apache.org/maven2/org/apache/maven/archetypes/maven-archetype-quickstart/1.1/maven-archetype-quickstart-1.1.jar
2024-01-22 12:28:36,096 [ModalContext] INFO  o.e.m.c.i.e.AbstractTransferListenerAdapter - Downloaded https://repo.maven.apache.org/maven2/org/apache/maven/archetypes/maven-archetype-quickstart/1.1/maven-archetype-quickstart-1.1.jar
2024-01-22 12:29:20,793 [Worker-25: Launching mavenrun-606a0c8a-3ffd-487f-94df-f35a11b50e1e] INFO  o.eclipse.m2e.core.internal.Bundles - getClasspathEntries(Bundle=org.eclipse.m2e.maven.runtime_3.9.500.20231113-2345 [626])
2024-01-22 12:29:20,797 [Worker-25: Launching mavenrun-606a0c8a-3ffd-487f-94df-f35a11b50e1e] INFO  o.eclipse.m2e.core.internal.Bundles - 	Entry: C:\Users\Wilso\.p2\pool\plugins\org.eclipse.m2e.maven.runtime_3.9.500.20231113-2345
2024-01-22 12:29:20,798 [Worker-25: Launching mavenrun-606a0c8a-3ffd-487f-94df-f35a11b50e1e] INFO  o.eclipse.m2e.core.internal.Bundles - 	Entry: C:\Users\Wilso\.p2\pool\plugins\org.eclipse.m2e.maven.runtime_3.9.500.20231113-2345\jars\aopalliance-1.0.jar
2024-01-22 12:29:20,799 [Worker-25: Launching mavenrun-606a0c8a-3ffd-487f-94df-f35a11b50e1e] INFO  o.eclipse.m2e.core.internal.Bundles - 	Entry: C:\Users\Wilso\.p2\pool\plugins\org.eclipse.m2e.maven.runtime_3.9.500.20231113-2345\jars\guice-5.1.0.jar
2024-01-22 12:29:20,799 [Worker-25: Launching mavenrun-606a0c8a-3ffd-487f-94df-f35a11b50e1e] INFO  o.eclipse.m2e.core.internal.Bundles - 	Entry: C:\Users\Wilso\.p2\pool\plugins\org.eclipse.m2e.maven.runtime_3.9.500.20231113-2345\jars\httpclient-4.5.14.jar
2024-01-22 12:29:20,799 [Worker-25: Launching mavenrun-606a0c8a-3ffd-487f-94df-f35a11b50e1e] INFO  o.eclipse.m2e.core.internal.Bundles - 	Entry: C:\Users\Wilso\.p2\pool\plugins\org.eclipse.m2e.maven.runtime_3.9.500.20231113-2345\jars\httpcore-4.4.16.jar
2024-01-22 12:29:20,800 [Worker-25: Launching mavenrun-606a0c8a-3ffd-487f-94df-f35a11b50e1e] INFO  o.eclipse.m2e.core.internal.Bundles - 	Entry: C:\Users\Wilso\.p2\pool\plugins\org.eclipse.m2e.maven.runtime_3.9.500.20231113-2345\jars\jansi-2.4.0.jar
2024-01-22 12:29:20,800 [Worker-25: Launching mavenrun-606a0c8a-3ffd-487f-94df-f35a11b50e1e] INFO  o.eclipse.m2e.core.internal.Bundles - 	Entry: C:\Users\Wilso\.p2\pool\plugins\org.eclipse.m2e.maven.runtime_3.9.500.20231113-2345\jars\jcl-over-slf4j-1.7.36.jar
2024-01-22 12:29:20,800 [Worker-25: Launching mavenrun-606a0c8a-3ffd-487f-94df-f35a11b50e1e] INFO  o.eclipse.m2e.core.internal.Bundles - 	Entry: C:\Users\Wilso\.p2\pool\plugins\org.eclipse.m2e.maven.runtime_3.9.500.20231113-2345\jars\maven-artifact-3.9.5.jar
2024-01-22 12:29:20,801 [Worker-25: Launching mavenrun-606a0c8a-3ffd-487f-94df-f35a11b50e1e] INFO  o.eclipse.m2e.core.internal.Bundles - 	Entry: C:\Users\Wilso\.p2\pool\plugins\org.eclipse.m2e.maven.runtime_3.9.500.20231113-2345\jars\maven-builder-support-3.9.5.jar
2024-01-22 12:29:20,801 [Worker-25: Launching mavenrun-606a0c8a-3ffd-487f-94df-f35a11b50e1e] INFO  o.eclipse.m2e.core.internal.Bundles - 	Entry: C:\Users\Wilso\.p2\pool\plugins\org.eclipse.m2e.maven.runtime_3.9.500.20231113-2345\jars\maven-compat-3.9.5.jar
2024-01-22 12:29:20,801 [Worker-25: Launching mavenrun-606a0c8a-3ffd-487f-94df-f35a11b50e1e] INFO  o.eclipse.m2e.core.internal.Bundles - 	Entry: C:\Users\Wilso\.p2\pool\plugins\org.eclipse.m2e.maven.runtime_3.9.500.20231113-2345\jars\maven-core-3.9.5.jar
2024-01-22 12:29:20,802 [Worker-25: Launching mavenrun-606a0c8a-3ffd-487f-94df-f35a11b50e1e] INFO  o.eclipse.m2e.core.internal.Bundles - 	Entry: C:\Users\Wilso\.p2\pool\plugins\org.eclipse.m2e.maven.runtime_3.9.500.20231113-2345\jars\maven-embedder-3.9.5.jar
2024-01-22 12:29:20,802 [Worker-25: Launching mavenrun-606a0c8a-3ffd-487f-94df-f35a11b50e1e] INFO  o.eclipse.m2e.core.internal.Bundles - 	Entry: C:\Users\Wilso\.p2\pool\plugins\org.eclipse.m2e.maven.runtime_3.9.500.20231113-2345\jars\maven-model-3.9.5.jar
2024-01-22 12:29:20,802 [Worker-25: Launching mavenrun-606a0c8a-3ffd-487f-94df-f35a11b50e1e] INFO  o.eclipse.m2e.core.internal.Bundles - 	Entry: C:\Users\Wilso\.p2\pool\plugins\org.eclipse.m2e.maven.runtime_3.9.500.20231113-2345\jars\maven-model-builder-3.9.5.jar
2024-01-22 12:29:20,803 [Worker-25: Launching mavenrun-606a0c8a-3ffd-487f-94df-f35a11b50e1e] INFO  o.eclipse.m2e.core.internal.Bundles - 	Entry: C:\Users\Wilso\.p2\pool\plugins\org.eclipse.m2e.maven.runtime_3.9.500.20231113-2345\jars\maven-plugin-api-3.9.5.jar
2024-01-22 12:29:20,803 [Worker-25: Launching mavenrun-606a0c8a-3ffd-487f-94df-f35a11b50e1e] INFO  o.eclipse.m2e.core.internal.Bundles - 	Entry: C:\Users\Wilso\.p2\pool\plugins\org.eclipse.m2e.maven.runtime_3.9.500.20231113-2345\jars\maven-repository-metadata-3.9.5.jar
2024-01-22 12:29:20,803 [Worker-25: Launching mavenrun-606a0c8a-3ffd-487f-94df-f35a11b50e1e] INFO  o.eclipse.m2e.core.internal.Bundles - 	Entry: C:\Users\Wilso\.p2\pool\plugins\org.eclipse.m2e.maven.runtime_3.9.500.20231113-2345\jars\maven-resolver-api-1.9.16.jar
2024-01-22 12:29:20,804 [Worker-25: Launching mavenrun-606a0c8a-3ffd-487f-94df-f35a11b50e1e] INFO  o.eclipse.m2e.core.internal.Bundles - 	Entry: C:\Users\Wilso\.p2\pool\plugins\org.eclipse.m2e.maven.runtime_3.9.500.20231113-2345\jars\maven-resolver-connector-basic-1.9.16.jar
2024-01-22 12:29:20,804 [Worker-25: Launching mavenrun-606a0c8a-3ffd-487f-94df-f35a11b50e1e] INFO  o.eclipse.m2e.core.internal.Bundles - 	Entry: C:\Users\Wilso\.p2\pool\plugins\org.eclipse.m2e.maven.runtime_3.9.500.20231113-2345\jars\maven-resolver-impl-1.9.16.jar
2024-01-22 12:29:20,804 [Worker-25: Launching mavenrun-606a0c8a-3ffd-487f-94df-f35a11b50e1e] INFO  o.eclipse.m2e.core.internal.Bundles - 	Entry: C:\Users\Wilso\.p2\pool\plugins\org.eclipse.m2e.maven.runtime_3.9.500.20231113-2345\jars\maven-resolver-named-locks-1.9.16.jar
2024-01-22 12:29:20,805 [Worker-25: Launching mavenrun-606a0c8a-3ffd-487f-94df-f35a11b50e1e] INFO  o.eclipse.m2e.core.internal.Bundles - 	Entry: C:\Users\Wilso\.p2\pool\plugins\org.eclipse.m2e.maven.runtime_3.9.500.20231113-2345\jars\maven-resolver-provider-3.9.5.jar
2024-01-22 12:29:20,805 [Worker-25: Launching mavenrun-606a0c8a-3ffd-487f-94df-f35a11b50e1e] INFO  o.eclipse.m2e.core.internal.Bundles - 	Entry: C:\Users\Wilso\.p2\pool\plugins\org.eclipse.m2e.maven.runtime_3.9.500.20231113-2345\jars\maven-resolver-spi-1.9.16.jar
2024-01-22 12:29:20,805 [Worker-25: Launching mavenrun-606a0c8a-3ffd-487f-94df-f35a11b50e1e] INFO  o.eclipse.m2e.core.internal.Bundles - 	Entry: C:\Users\Wilso\.p2\pool\plugins\org.eclipse.m2e.maven.runtime_3.9.500.20231113-2345\jars\maven-resolver-transport-file-1.9.16.jar
2024-01-22 12:29:20,806 [Worker-25: Launching mavenrun-606a0c8a-3ffd-487f-94df-f35a11b50e1e] INFO  o.eclipse.m2e.core.internal.Bundles - 	Entry: C:\Users\Wilso\.p2\pool\plugins\org.eclipse.m2e.maven.runtime_3.9.500.20231113-2345\jars\maven-resolver-transport-http-1.9.16.jar
2024-01-22 12:29:20,806 [Worker-25: Launching mavenrun-606a0c8a-3ffd-487f-94df-f35a11b50e1e] INFO  o.eclipse.m2e.core.internal.Bundles - 	Entry: C:\Users\Wilso\.p2\pool\plugins\org.eclipse.m2e.maven.runtime_3.9.500.20231113-2345\jars\maven-resolver-transport-wagon-1.9.16.jar
2024-01-22 12:29:20,806 [Worker-25: Launching mavenrun-606a0c8a-3ffd-487f-94df-f35a11b50e1e] INFO  o.eclipse.m2e.core.internal.Bundles - 	Entry: C:\Users\Wilso\.p2\pool\plugins\org.eclipse.m2e.maven.runtime_3.9.500.20231113-2345\jars\maven-resolver-util-1.9.16.jar
2024-01-22 12:29:20,807 [Worker-25: Launching mavenrun-606a0c8a-3ffd-487f-94df-f35a11b50e1e] INFO  o.eclipse.m2e.core.internal.Bundles - 	Entry: C:\Users\Wilso\.p2\pool\plugins\org.eclipse.m2e.maven.runtime_3.9.500.20231113-2345\jars\maven-settings-3.9.5.jar
2024-01-22 12:29:20,807 [Worker-25: Launching mavenrun-606a0c8a-3ffd-487f-94df-f35a11b50e1e] INFO  o.eclipse.m2e.core.internal.Bundles - 	Entry: C:\Users\Wilso\.p2\pool\plugins\org.eclipse.m2e.maven.runtime_3.9.500.20231113-2345\jars\maven-settings-builder-3.9.5.jar
2024-01-22 12:29:20,807 [Worker-25: Launching mavenrun-606a0c8a-3ffd-487f-94df-f35a11b50e1e] INFO  o.eclipse.m2e.core.internal.Bundles - 	Entry: C:\Users\Wilso\.p2\pool\plugins\org.eclipse.m2e.maven.runtime_3.9.500.20231113-2345\jars\maven-shared-utils-3.3.4.jar
2024-01-22 12:29:20,808 [Worker-25: Launching mavenrun-606a0c8a-3ffd-487f-94df-f35a11b50e1e] INFO  o.eclipse.m2e.core.internal.Bundles - 	Entry: C:\Users\Wilso\.p2\pool\plugins\org.eclipse.m2e.maven.runtime_3.9.500.20231113-2345\jars\org.eclipse.sisu.inject-0.3.5.jar
2024-01-22 12:29:20,808 [Worker-25: Launching mavenrun-606a0c8a-3ffd-487f-94df-f35a11b50e1e] INFO  o.eclipse.m2e.core.internal.Bundles - 	Entry: C:\Users\Wilso\.p2\pool\plugins\org.eclipse.m2e.maven.runtime_3.9.500.20231113-2345\jars\org.eclipse.sisu.plexus-0.3.5.jar
2024-01-22 12:29:20,808 [Worker-25: Launching mavenrun-606a0c8a-3ffd-487f-94df-f35a11b50e1e] INFO  o.eclipse.m2e.core.internal.Bundles - 	Entry: C:\Users\Wilso\.p2\pool\plugins\org.eclipse.m2e.maven.runtime_3.9.500.20231113-2345\jars\plexus-build-api-0.0.7.jar
2024-01-22 12:29:20,809 [Worker-25: Launching mavenrun-606a0c8a-3ffd-487f-94df-f35a11b50e1e] INFO  o.eclipse.m2e.core.internal.Bundles - 	Entry: C:\Users\Wilso\.p2\pool\plugins\org.eclipse.m2e.maven.runtime_3.9.500.20231113-2345\jars\plexus-cipher-2.0.jar
2024-01-22 12:29:20,809 [Worker-25: Launching mavenrun-606a0c8a-3ffd-487f-94df-f35a11b50e1e] INFO  o.eclipse.m2e.core.internal.Bundles - 	Entry: C:\Users\Wilso\.p2\pool\plugins\org.eclipse.m2e.maven.runtime_3.9.500.20231113-2345\jars\plexus-classworlds-2.7.0.jar
2024-01-22 12:29:20,809 [Worker-25: Launching mavenrun-606a0c8a-3ffd-487f-94df-f35a11b50e1e] INFO  o.eclipse.m2e.core.internal.Bundles - 	Entry: C:\Users\Wilso\.p2\pool\plugins\org.eclipse.m2e.maven.runtime_3.9.500.20231113-2345\jars\plexus-component-annotations-2.1.0.jar
2024-01-22 12:29:20,810 [Worker-25: Launching mavenrun-606a0c8a-3ffd-487f-94df-f35a11b50e1e] INFO  o.eclipse.m2e.core.internal.Bundles - 	Entry: C:\Users\Wilso\.p2\pool\plugins\org.eclipse.m2e.maven.runtime_3.9.500.20231113-2345\jars\plexus-interpolation-1.26.jar
2024-01-22 12:29:20,810 [Worker-25: Launching mavenrun-606a0c8a-3ffd-487f-94df-f35a11b50e1e] INFO  o.eclipse.m2e.core.internal.Bundles - 	Entry: C:\Users\Wilso\.p2\pool\plugins\org.eclipse.m2e.maven.runtime_3.9.500.20231113-2345\jars\plexus-sec-dispatcher-2.0.jar
2024-01-22 12:29:20,810 [Worker-25: Launching mavenrun-606a0c8a-3ffd-487f-94df-f35a11b50e1e] INFO  o.eclipse.m2e.core.internal.Bundles - 	Entry: C:\Users\Wilso\.p2\pool\plugins\org.eclipse.m2e.maven.runtime_3.9.500.20231113-2345\jars\plexus-utils-3.5.1.jar
2024-01-22 12:29:20,812 [Worker-25: Launching mavenrun-606a0c8a-3ffd-487f-94df-f35a11b50e1e] INFO  o.eclipse.m2e.core.internal.Bundles - 	Entry: C:\Users\Wilso\.p2\pool\plugins\org.eclipse.m2e.maven.runtime_3.9.500.20231113-2345\jars\wagon-file-3.5.3.jar
2024-01-22 12:29:20,813 [Worker-25: Launching mavenrun-606a0c8a-3ffd-487f-94df-f35a11b50e1e] INFO  o.eclipse.m2e.core.internal.Bundles - 	Entry: C:\Users\Wilso\.p2\pool\plugins\org.eclipse.m2e.maven.runtime_3.9.500.20231113-2345\jars\wagon-http-3.5.3.jar
2024-01-22 12:29:20,813 [Worker-25: Launching mavenrun-606a0c8a-3ffd-487f-94df-f35a11b50e1e] INFO  o.eclipse.m2e.core.internal.Bundles - 	Entry: C:\Users\Wilso\.p2\pool\plugins\org.eclipse.m2e.maven.runtime_3.9.500.20231113-2345\jars\wagon-http-shared-3.5.3.jar
2024-01-22 12:29:20,813 [Worker-25: Launching mavenrun-606a0c8a-3ffd-487f-94df-f35a11b50e1e] INFO  o.eclipse.m2e.core.internal.Bundles - 	Entry: C:\Users\Wilso\.p2\pool\plugins\org.eclipse.m2e.maven.runtime_3.9.500.20231113-2345\jars\wagon-provider-api-3.5.3.jar
2024-01-22 12:29:20,815 [Worker-25: Launching mavenrun-606a0c8a-3ffd-487f-94df-f35a11b50e1e] INFO  o.eclipse.m2e.core.internal.Bundles - getClasspathEntries(Bundle=com.google.guava_32.1.3.jre [12])
2024-01-22 12:29:20,817 [Worker-25: Launching mavenrun-606a0c8a-3ffd-487f-94df-f35a11b50e1e] INFO  o.eclipse.m2e.core.internal.Bundles - 	Entry: C:\Users\Wilso\.p2\pool\plugins\com.google.guava_32.1.3.jre.jar
2024-01-22 12:29:20,817 [Worker-25: Launching mavenrun-606a0c8a-3ffd-487f-94df-f35a11b50e1e] INFO  o.eclipse.m2e.core.internal.Bundles - getClasspathEntries(Bundle=slf4j.api_2.0.11 [986])
2024-01-22 12:29:20,818 [Worker-25: Launching mavenrun-606a0c8a-3ffd-487f-94df-f35a11b50e1e] INFO  o.eclipse.m2e.core.internal.Bundles - 	Entry: C:\Users\Wilso\.p2\pool\plugins\slf4j.api_2.0.11.jar
2024-01-22 12:29:20,818 [Worker-25: Launching mavenrun-606a0c8a-3ffd-487f-94df-f35a11b50e1e] INFO  o.eclipse.m2e.core.internal.Bundles - getClasspathEntries(Bundle=jakarta.inject.jakarta.inject-api_1.0.5 [29])
2024-01-22 12:29:20,820 [Worker-25: Launching mavenrun-606a0c8a-3ffd-487f-94df-f35a11b50e1e] INFO  o.eclipse.m2e.core.internal.Bundles - 	Entry: C:\Users\Wilso\.p2\pool\plugins\jakarta.inject.jakarta.inject-api_1.0.5.jar
2024-01-22 12:29:20,820 [Worker-25: Launching mavenrun-606a0c8a-3ffd-487f-94df-f35a11b50e1e] INFO  o.eclipse.m2e.core.internal.Bundles - getClasspathEntries(Bundle=jakarta.annotation-api_1.3.5 [24])
2024-01-22 12:29:20,821 [Worker-25: Launching mavenrun-606a0c8a-3ffd-487f-94df-f35a11b50e1e] INFO  o.eclipse.m2e.core.internal.Bundles - 	Entry: C:\Users\Wilso\.p2\pool\plugins\jakarta.annotation-api_1.3.5.jar
2024-01-22 12:29:20,821 [Worker-25: Launching mavenrun-606a0c8a-3ffd-487f-94df-f35a11b50e1e] INFO  o.eclipse.m2e.core.internal.Bundles - getClasspathEntries(Bundle=org.apache.commons.cli_1.6.0 [71])
2024-01-22 12:29:20,822 [Worker-25: Launching mavenrun-606a0c8a-3ffd-487f-94df-f35a11b50e1e] INFO  o.eclipse.m2e.core.internal.Bundles - 	Entry: C:\Users\Wilso\.p2\pool\plugins\org.apache.commons.cli_1.6.0.jar
2024-01-22 12:29:20,822 [Worker-25: Launching mavenrun-606a0c8a-3ffd-487f-94df-f35a11b50e1e] INFO  o.eclipse.m2e.core.internal.Bundles - getClasspathEntries(Bundle=org.apache.commons.commons-codec_1.16.0 [75])
2024-01-22 12:29:20,823 [Worker-25: Launching mavenrun-606a0c8a-3ffd-487f-94df-f35a11b50e1e] INFO  o.eclipse.m2e.core.internal.Bundles - 	Entry: C:\Users\Wilso\.p2\pool\plugins\org.apache.commons.commons-codec_1.16.0.jar
2024-01-22 12:29:20,823 [Worker-25: Launching mavenrun-606a0c8a-3ffd-487f-94df-f35a11b50e1e] INFO  o.eclipse.m2e.core.internal.Bundles - getClasspathEntries(Bundle=org.apache.commons.lang3_3.13.0 [82])
2024-01-22 12:29:20,824 [Worker-25: Launching mavenrun-606a0c8a-3ffd-487f-94df-f35a11b50e1e] INFO  o.eclipse.m2e.core.internal.Bundles - 	Entry: C:\Users\Wilso\.p2\pool\plugins\org.apache.commons.lang3_3.13.0.jar
2024-01-22 12:29:20,824 [Worker-25: Launching mavenrun-606a0c8a-3ffd-487f-94df-f35a11b50e1e] INFO  o.eclipse.m2e.core.internal.Bundles - getClasspathEntries(Bundle=com.google.guava.failureaccess_1.0.2 [13])
2024-01-22 12:29:20,824 [Worker-25: Launching mavenrun-606a0c8a-3ffd-487f-94df-f35a11b50e1e] INFO  o.eclipse.m2e.core.internal.Bundles - 	Entry: C:\Users\Wilso\.p2\pool\plugins\com.google.guava.failureaccess_1.0.2.jar
2024-01-22 12:29:20,831 [Worker-25: Launching mavenrun-606a0c8a-3ffd-487f-94df-f35a11b50e1e] INFO  o.e.m.i.launch.MavenLaunchDelegate - Run build in "C:\Users\Wilso\AppData\Local\Temp\m2e-archetypeGenerator16125721250940914159":
2024-01-22 12:29:20,832 [Worker-25: Launching mavenrun-606a0c8a-3ffd-487f-94df-f35a11b50e1e] INFO  o.e.m.i.launch.MavenLaunchDelegate -  mvn  -DarchetypeGroupId=org.apache.maven.archetypes -DarchetypeArtifactId=maven-archetype-quickstart -DarchetypeVersion=1.1 -DgroupId=com.krakedev -DartifactId=demo -Dversion=0.0.1 -Dpackage=com.krakedev.demo -DoutputDirectory=D:\WorkSpaceJava -Dstyle.color=always -U archetype:generate
2024-01-22 12:32:23,663 [Worker-38: Creating maven-archetype-quickstart] INFO  o.e.m.c.i.p.ProjectConfigurationManager - Collecting project info '/pom.xml' D:\WorkSpaceJava\demo\pom.xml
2024-01-22 12:32:25,448 [Worker-38: Creating maven-archetype-quickstart] INFO  o.e.m.c.i.e.AbstractTransferListenerAdapter - Downloading https://repo.maven.apache.org/maven2/org/apache/maven/plugins/maven-resources-plugin/3.3.1/maven-resources-plugin-3.3.1.jar
2024-01-22 12:32:25,460 [Worker-38: Creating maven-archetype-quickstart] INFO  o.e.m.c.i.e.AbstractTransferListenerAdapter - Downloaded https://repo.maven.apache.org/maven2/org/apache/maven/plugins/maven-resources-plugin/3.3.1/maven-resources-plugin-3.3.1.jar
2024-01-22 12:32:25,709 [Worker-38: Creating maven-archetype-quickstart] INFO  o.e.m.c.i.e.AbstractTransferListenerAdapter - Downloading https://repo.maven.apache.org/maven2/org/apache/maven/plugins/maven-compiler-plugin/3.11.0/maven-compiler-plugin-3.11.0.jar
2024-01-22 12:32:25,760 [Worker-38: Creating maven-archetype-quickstart] INFO  o.e.m.c.i.e.AbstractTransferListenerAdapter - Downloaded https://repo.maven.apache.org/maven2/org/apache/maven/plugins/maven-compiler-plugin/3.11.0/maven-compiler-plugin-3.11.0.jar
2024-01-22 12:32:25,840 [Worker-38: Creating maven-archetype-quickstart] INFO  o.e.m.c.i.e.AbstractTransferListenerAdapter - Downloading https://repo.maven.apache.org/maven2/org/apache/maven/plugins/maven-surefire-plugin/3.1.2/maven-surefire-plugin-3.1.2.jar
2024-01-22 12:32:25,856 [Worker-38: Creating maven-archetype-quickstart] INFO  o.e.m.c.i.e.AbstractTransferListenerAdapter - Downloaded https://repo.maven.apache.org/maven2/org/apache/maven/plugins/maven-surefire-plugin/3.1.2/maven-surefire-plugin-3.1.2.jar
2024-01-22 12:32:26,089 [Worker-38: Creating maven-archetype-quickstart] INFO  o.e.m.c.i.e.AbstractTransferListenerAdapter - Downloading https://repo.maven.apache.org/maven2/org/apache/maven/plugins/maven-jar-plugin/3.3.0/maven-jar-plugin-3.3.0.jar
2024-01-22 12:32:26,095 [Worker-38: Creating maven-archetype-quickstart] INFO  o.e.m.c.i.e.AbstractTransferListenerAdapter - Downloaded https://repo.maven.apache.org/maven2/org/apache/maven/plugins/maven-jar-plugin/3.3.0/maven-jar-plugin-3.3.0.jar
2024-01-22 12:32:26,742 [Worker-38: Creating maven-archetype-quickstart] INFO  o.e.m.c.i.e.AbstractTransferListenerAdapter - Downloading https://repo.maven.apache.org/maven2/org/apache/maven/plugins/maven-compiler-plugin/3.11.0/maven-compiler-plugin-3.11.0.pom
2024-01-22 12:32:26,747 [Worker-38: Creating maven-archetype-quickstart] INFO  o.e.m.c.i.e.AbstractTransferListenerAdapter - Downloaded https://repo.maven.apache.org/maven2/org/apache/maven/plugins/maven-compiler-plugin/3.11.0/maven-compiler-plugin-3.11.0.pom
2024-01-22 12:32:26,967 [Worker-38: Creating maven-archetype-quickstart] INFO  o.e.m.c.i.e.AbstractTransferListenerAdapter - Downloading https://repo.maven.apache.org/maven2/org/apache/maven/shared/maven-shared-utils/3.3.4/maven-shared-utils-3.3.4.pom
2024-01-22 12:32:26,975 [Worker-38: Creating maven-archetype-quickstart] INFO  o.e.m.c.i.e.AbstractTransferListenerAdapter - Downloaded https://repo.maven.apache.org/maven2/org/apache/maven/shared/maven-shared-utils/3.3.4/maven-shared-utils-3.3.4.pom
2024-01-22 12:32:27,400 [Worker-38: Creating maven-archetype-quickstart] INFO  o.e.m.c.i.e.AbstractTransferListenerAdapter - Downloading https://repo.maven.apache.org/maven2/org/codehaus/plexus/plexus-component-annotations/1.5.5/plexus-component-annotations-1.5.5.pom
2024-01-22 12:32:27,408 [Worker-38: Creating maven-archetype-quickstart] INFO  o.e.m.c.i.e.AbstractTransferListenerAdapter - Downloaded https://repo.maven.apache.org/maven2/org/codehaus/plexus/plexus-component-annotations/1.5.5/plexus-component-annotations-1.5.5.pom
2024-01-22 12:32:27,497 [Worker-38: Creating maven-archetype-quickstart] INFO  o.e.m.c.i.e.AbstractTransferListenerAdapter - Downloading https://repo.maven.apache.org/maven2/org/codehaus/plexus/plexus-containers/1.5.5/plexus-containers-1.5.5.pom
2024-01-22 12:32:27,506 [Worker-38: Creating maven-archetype-quickstart] INFO  o.e.m.c.i.e.AbstractTransferListenerAdapter - Downloaded https://repo.maven.apache.org/maven2/org/codehaus/plexus/plexus-containers/1.5.5/plexus-containers-1.5.5.pom
2024-01-22 12:32:27,578 [Worker-38: Creating maven-archetype-quickstart] INFO  o.e.m.c.i.e.AbstractTransferListenerAdapter - Downloading https://repo.maven.apache.org/maven2/org/codehaus/plexus/plexus-java/1.1.2/plexus-java-1.1.2.pom
2024-01-22 12:32:27,584 [Worker-38: Creating maven-archetype-quickstart] INFO  o.e.m.c.i.e.AbstractTransferListenerAdapter - Downloaded https://repo.maven.apache.org/maven2/org/codehaus/plexus/plexus-java/1.1.2/plexus-java-1.1.2.pom
2024-01-22 12:32:27,690 [Worker-38: Creating maven-archetype-quickstart] INFO  o.e.m.c.i.e.AbstractTransferListenerAdapter - Downloading https://repo.maven.apache.org/maven2/org/codehaus/plexus/plexus-languages/1.1.2/plexus-languages-1.1.2.pom
2024-01-22 12:32:27,695 [Worker-38: Creating maven-archetype-quickstart] INFO  o.e.m.c.i.e.AbstractTransferListenerAdapter - Downloaded https://repo.maven.apache.org/maven2/org/codehaus/plexus/plexus-languages/1.1.2/plexus-languages-1.1.2.pom
2024-01-22 12:32:27,742 [Worker-38: Creating maven-archetype-quickstart] INFO  o.e.m.c.i.e.AbstractTransferListenerAdapter - Downloading https://repo.maven.apache.org/maven2/org/codehaus/plexus/plexus/10/plexus-10.pom
2024-01-22 12:32:27,749 [Worker-38: Creating maven-archetype-quickstart] INFO  o.e.m.c.i.e.AbstractTransferListenerAdapter - Downloaded https://repo.maven.apache.org/maven2/org/codehaus/plexus/plexus/10/plexus-10.pom
2024-01-22 12:32:27,802 [Worker-38: Creating maven-archetype-quickstart] INFO  o.e.m.c.i.e.AbstractTransferListenerAdapter - Downloading https://repo.maven.apache.org/maven2/org/ow2/asm/asm/9.4/asm-9.4.pom
2024-01-22 12:32:27,808 [Worker-38: Creating maven-archetype-quickstart] INFO  o.e.m.c.i.e.AbstractTransferListenerAdapter - Downloaded https://repo.maven.apache.org/maven2/org/ow2/asm/asm/9.4/asm-9.4.pom
2024-01-22 12:32:27,907 [Worker-38: Creating maven-archetype-quickstart] INFO  o.e.m.c.i.e.AbstractTransferListenerAdapter - Downloading https://repo.maven.apache.org/maven2/com/thoughtworks/qdox/qdox/2.0.3/qdox-2.0.3.pom
2024-01-22 12:32:27,912 [Worker-38: Creating maven-archetype-quickstart] INFO  o.e.m.c.i.e.AbstractTransferListenerAdapter - Downloaded https://repo.maven.apache.org/maven2/com/thoughtworks/qdox/qdox/2.0.3/qdox-2.0.3.pom
2024-01-22 12:32:27,990 [Worker-38: Creating maven-archetype-quickstart] INFO  o.e.m.c.i.e.AbstractTransferListenerAdapter - Downloading https://repo.maven.apache.org/maven2/org/codehaus/plexus/plexus-compiler-api/2.13.0/plexus-compiler-api-2.13.0.pom
2024-01-22 12:32:27,994 [Worker-38: Creating maven-archetype-quickstart] INFO  o.e.m.c.i.e.AbstractTransferListenerAdapter - Downloaded https://repo.maven.apache.org/maven2/org/codehaus/plexus/plexus-compiler-api/2.13.0/plexus-compiler-api-2.13.0.pom
2024-01-22 12:32:28,071 [Worker-38: Creating maven-archetype-quickstart] INFO  o.e.m.c.i.e.AbstractTransferListenerAdapter - Downloading https://repo.maven.apache.org/maven2/org/codehaus/plexus/plexus-compiler/2.13.0/plexus-compiler-2.13.0.pom
2024-01-22 12:32:28,075 [Worker-38: Creating maven-archetype-quickstart] INFO  o.e.m.c.i.e.AbstractTransferListenerAdapter - Downloaded https://repo.maven.apache.org/maven2/org/codehaus/plexus/plexus-compiler/2.13.0/plexus-compiler-2.13.0.pom
2024-01-22 12:32:28,126 [Worker-38: Creating maven-archetype-quickstart] INFO  o.e.m.c.i.e.AbstractTransferListenerAdapter - Downloading https://repo.maven.apache.org/maven2/org/codehaus/plexus/plexus-components/10.0/plexus-components-10.0.pom
2024-01-22 12:32:28,131 [Worker-38: Creating maven-archetype-quickstart] INFO  o.e.m.c.i.e.AbstractTransferListenerAdapter - Downloaded https://repo.maven.apache.org/maven2/org/codehaus/plexus/plexus-components/10.0/plexus-components-10.0.pom
2024-01-22 12:32:28,194 [Worker-38: Creating maven-archetype-quickstart] INFO  o.e.m.c.i.e.AbstractTransferListenerAdapter - Downloading https://repo.maven.apache.org/maven2/org/junit/junit-bom/5.9.1/junit-bom-5.9.1.pom
2024-01-22 12:32:28,201 [Worker-38: Creating maven-archetype-quickstart] INFO  o.e.m.c.i.e.AbstractTransferListenerAdapter - Downloaded https://repo.maven.apache.org/maven2/org/junit/junit-bom/5.9.1/junit-bom-5.9.1.pom
2024-01-22 12:32:28,278 [Worker-38: Creating maven-archetype-quickstart] INFO  o.e.m.c.i.e.AbstractTransferListenerAdapter - Downloading https://repo.maven.apache.org/maven2/org/codehaus/plexus/plexus-utils/3.5.0/plexus-utils-3.5.0.pom
2024-01-22 12:32:28,332 [Worker-38: Creating maven-archetype-quickstart] INFO  o.e.m.c.i.e.AbstractTransferListenerAdapter - Downloaded https://repo.maven.apache.org/maven2/org/codehaus/plexus/plexus-utils/3.5.0/plexus-utils-3.5.0.pom
2024-01-22 12:32:28,395 [Worker-38: Creating maven-archetype-quickstart] INFO  o.e.m.c.i.e.AbstractTransferListenerAdapter - Downloading https://repo.maven.apache.org/maven2/org/codehaus/plexus/plexus-compiler-manager/2.13.0/plexus-compiler-manager-2.13.0.pom
2024-01-22 12:32:28,402 [Worker-38: Creating maven-archetype-quickstart] INFO  o.e.m.c.i.e.AbstractTransferListenerAdapter - Downloaded https://repo.maven.apache.org/maven2/org/codehaus/plexus/plexus-compiler-manager/2.13.0/plexus-compiler-manager-2.13.0.pom
2024-01-22 12:32:28,478 [Worker-38: Creating maven-archetype-quickstart] INFO  o.e.m.c.i.e.AbstractTransferListenerAdapter - Downloading https://repo.maven.apache.org/maven2/org/codehaus/plexus/plexus-component-annotations/2.1.1/plexus-component-annotations-2.1.1.pom
2024-01-22 12:32:28,483 [Worker-38: Creating maven-archetype-quickstart] INFO  o.e.m.c.i.e.AbstractTransferListenerAdapter - Downloaded https://repo.maven.apache.org/maven2/org/codehaus/plexus/plexus-component-annotations/2.1.1/plexus-component-annotations-2.1.1.pom
2024-01-22 12:32:28,538 [Worker-38: Creating maven-archetype-quickstart] INFO  o.e.m.c.i.e.AbstractTransferListenerAdapter - Downloading https://repo.maven.apache.org/maven2/org/codehaus/plexus/plexus-containers/2.1.1/plexus-containers-2.1.1.pom
2024-01-22 12:32:28,543 [Worker-38: Creating maven-archetype-quickstart] INFO  o.e.m.c.i.e.AbstractTransferListenerAdapter - Downloaded https://repo.maven.apache.org/maven2/org/codehaus/plexus/plexus-containers/2.1.1/plexus-containers-2.1.1.pom
2024-01-22 12:32:28,613 [Worker-38: Creating maven-archetype-quickstart] INFO  o.e.m.c.i.e.AbstractTransferListenerAdapter - Downloading https://repo.maven.apache.org/maven2/org/codehaus/plexus/plexus-compiler-javac/2.13.0/plexus-compiler-javac-2.13.0.pom
2024-01-22 12:32:28,617 [Worker-38: Creating maven-archetype-quickstart] INFO  o.e.m.c.i.e.AbstractTransferListenerAdapter - Downloaded https://repo.maven.apache.org/maven2/org/codehaus/plexus/plexus-compiler-javac/2.13.0/plexus-compiler-javac-2.13.0.pom
2024-01-22 12:32:28,689 [Worker-38: Creating maven-archetype-quickstart] INFO  o.e.m.c.i.e.AbstractTransferListenerAdapter - Downloading https://repo.maven.apache.org/maven2/org/codehaus/plexus/plexus-compilers/2.13.0/plexus-compilers-2.13.0.pom
2024-01-22 12:32:28,741 [Worker-38: Creating maven-archetype-quickstart] INFO  o.e.m.c.i.e.AbstractTransferListenerAdapter - Downloaded https://repo.maven.apache.org/maven2/org/codehaus/plexus/plexus-compilers/2.13.0/plexus-compilers-2.13.0.pom
2024-01-22 12:32:28,844 [Worker-38: Creating maven-archetype-quickstart] INFO  o.e.m.c.i.e.AbstractTransferListenerAdapter - Downloading https://repo.maven.apache.org/maven2/org/apache/maven/shared/maven-shared-utils/3.3.4/maven-shared-utils-3.3.4.jar
2024-01-22 12:32:28,914 [Worker-38: Creating maven-archetype-quickstart] INFO  o.e.m.c.i.e.AbstractTransferListenerAdapter - Downloaded https://repo.maven.apache.org/maven2/org/apache/maven/shared/maven-shared-utils/3.3.4/maven-shared-utils-3.3.4.jar
2024-01-22 12:32:28,980 [BasicRepositoryConnector-repo.maven.apache.org-0-0] INFO  o.e.m.c.i.e.AbstractTransferListenerAdapter - Downloading https://repo.maven.apache.org/maven2/org/codehaus/plexus/plexus-component-annotations/1.5.5/plexus-component-annotations-1.5.5.jar
2024-01-22 12:32:28,990 [BasicRepositoryConnector-repo.maven.apache.org-0-0] INFO  o.e.m.c.i.e.AbstractTransferListenerAdapter - Downloaded https://repo.maven.apache.org/maven2/org/codehaus/plexus/plexus-component-annotations/1.5.5/plexus-component-annotations-1.5.5.jar
2024-01-22 12:32:29,033 [BasicRepositoryConnector-repo.maven.apache.org-0-0] INFO  o.e.m.c.i.e.AbstractTransferListenerAdapter - Downloading https://repo.maven.apache.org/maven2/org/codehaus/plexus/plexus-utils/3.5.0/plexus-utils-3.5.0.jar
2024-01-22 12:32:29,034 [BasicRepositoryConnector-repo.maven.apache.org-0-4] INFO  o.e.m.c.i.e.AbstractTransferListenerAdapter - Downloading https://repo.maven.apache.org/maven2/org/codehaus/plexus/plexus-compiler-api/2.13.0/plexus-compiler-api-2.13.0.jar
2024-01-22 12:32:29,042 [BasicRepositoryConnector-repo.maven.apache.org-0-1] INFO  o.e.m.c.i.e.AbstractTransferListenerAdapter - Downloading https://repo.maven.apache.org/maven2/org/codehaus/plexus/plexus-java/1.1.2/plexus-java-1.1.2.jar
2024-01-22 12:32:29,044 [BasicRepositoryConnector-repo.maven.apache.org-0-3] INFO  o.e.m.c.i.e.AbstractTransferListenerAdapter - Downloading https://repo.maven.apache.org/maven2/com/thoughtworks/qdox/qdox/2.0.3/qdox-2.0.3.jar
2024-01-22 12:32:29,049 [BasicRepositoryConnector-repo.maven.apache.org-0-2] INFO  o.e.m.c.i.e.AbstractTransferListenerAdapter - Downloading https://repo.maven.apache.org/maven2/org/ow2/asm/asm/9.4/asm-9.4.jar
2024-01-22 12:32:29,050 [BasicRepositoryConnector-repo.maven.apache.org-0-4] INFO  o.e.m.c.i.e.AbstractTransferListenerAdapter - Downloaded https://repo.maven.apache.org/maven2/org/codehaus/plexus/plexus-compiler-api/2.13.0/plexus-compiler-api-2.13.0.jar
2024-01-22 12:32:29,175 [BasicRepositoryConnector-repo.maven.apache.org-0-1] INFO  o.e.m.c.i.e.AbstractTransferListenerAdapter - Downloaded https://repo.maven.apache.org/maven2/org/codehaus/plexus/plexus-java/1.1.2/plexus-java-1.1.2.jar
2024-01-22 12:32:29,199 [BasicRepositoryConnector-repo.maven.apache.org-0-4] INFO  o.e.m.c.i.e.AbstractTransferListenerAdapter - Downloading https://repo.maven.apache.org/maven2/org/codehaus/plexus/plexus-compiler-manager/2.13.0/plexus-compiler-manager-2.13.0.jar
2024-01-22 12:32:29,208 [BasicRepositoryConnector-repo.maven.apache.org-0-4] INFO  o.e.m.c.i.e.AbstractTransferListenerAdapter - Downloaded https://repo.maven.apache.org/maven2/org/codehaus/plexus/plexus-compiler-manager/2.13.0/plexus-compiler-manager-2.13.0.jar
2024-01-22 12:32:29,254 [BasicRepositoryConnector-repo.maven.apache.org-0-0] INFO  o.e.m.c.i.e.AbstractTransferListenerAdapter - Downloaded https://repo.maven.apache.org/maven2/org/codehaus/plexus/plexus-utils/3.5.0/plexus-utils-3.5.0.jar
2024-01-22 12:32:29,298 [BasicRepositoryConnector-repo.maven.apache.org-0-1] INFO  o.e.m.c.i.e.AbstractTransferListenerAdapter - Downloading https://repo.maven.apache.org/maven2/org/codehaus/plexus/plexus-compiler-javac/2.13.0/plexus-compiler-javac-2.13.0.jar
2024-01-22 12:32:29,308 [BasicRepositoryConnector-repo.maven.apache.org-0-2] INFO  o.e.m.c.i.e.AbstractTransferListenerAdapter - Downloaded https://repo.maven.apache.org/maven2/org/ow2/asm/asm/9.4/asm-9.4.jar
2024-01-22 12:32:29,315 [BasicRepositoryConnector-repo.maven.apache.org-0-1] INFO  o.e.m.c.i.e.AbstractTransferListenerAdapter - Downloaded https://repo.maven.apache.org/maven2/org/codehaus/plexus/plexus-compiler-javac/2.13.0/plexus-compiler-javac-2.13.0.jar
2024-01-22 12:32:29,474 [BasicRepositoryConnector-repo.maven.apache.org-0-3] INFO  o.e.m.c.i.e.AbstractTransferListenerAdapter - Downloaded https://repo.maven.apache.org/maven2/com/thoughtworks/qdox/qdox/2.0.3/qdox-2.0.3.jar
2024-01-22 12:32:30,065 [Worker-38: Creating maven-archetype-quickstart] INFO  o.e.m.c.i.l.LifecycleMappingFactory - Using org.eclipse.m2e.jdt.JarLifecycleMapping lifecycle mapping for MavenProject: com.krakedev:demo:0.0.1 @ D:\WorkSpaceJava\demo\pom.xml.
2024-01-22 12:32:30,097 [Worker-38: Creating maven-archetype-quickstart] INFO  o.e.m.c.i.e.AbstractTransferListenerAdapter - Downloading https://repo.maven.apache.org/maven2/junit/junit/3.8.1/junit-3.8.1.pom
2024-01-22 12:32:30,103 [Worker-38: Creating maven-archetype-quickstart] INFO  o.e.m.c.i.e.AbstractTransferListenerAdapter - Downloaded https://repo.maven.apache.org/maven2/junit/junit/3.8.1/junit-3.8.1.pom
2024-01-22 12:32:30,157 [Worker-38: Creating maven-archetype-quickstart] INFO  o.e.m.c.i.e.AbstractTransferListenerAdapter - Downloading https://repo.maven.apache.org/maven2/junit/junit/3.8.1/junit-3.8.1.jar
2024-01-22 12:32:30,240 [Worker-38: Creating maven-archetype-quickstart] INFO  o.e.m.c.i.e.AbstractTransferListenerAdapter - Downloaded https://repo.maven.apache.org/maven2/junit/junit/3.8.1/junit-3.8.1.jar
2024-01-22 12:32:30,312 [Worker-38: Creating maven-archetype-quickstart] INFO  o.e.m.c.i.e.AbstractTransferListenerAdapter - Downloading https://repo.maven.apache.org/maven2/org/apache/maven/plugins/maven-resources-plugin/3.3.1/maven-resources-plugin-3.3.1.pom
2024-01-22 12:32:30,317 [Worker-38: Creating maven-archetype-quickstart] INFO  o.e.m.c.i.e.AbstractTransferListenerAdapter - Downloaded https://repo.maven.apache.org/maven2/org/apache/maven/plugins/maven-resources-plugin/3.3.1/maven-resources-plugin-3.3.1.pom
2024-01-22 12:32:30,383 [Worker-38: Creating maven-archetype-quickstart] INFO  o.e.m.c.i.e.AbstractTransferListenerAdapter - Downloading https://repo.maven.apache.org/maven2/org/apache/maven/plugins/maven-surefire-plugin/3.1.2/maven-surefire-plugin-3.1.2.pom
2024-01-22 12:32:30,392 [Worker-38: Creating maven-archetype-quickstart] INFO  o.e.m.c.i.e.AbstractTransferListenerAdapter - Downloaded https://repo.maven.apache.org/maven2/org/apache/maven/plugins/maven-surefire-plugin/3.1.2/maven-surefire-plugin-3.1.2.pom
2024-01-22 12:32:30,496 [Worker-38: Creating maven-archetype-quickstart] INFO  o.e.m.c.i.e.AbstractTransferListenerAdapter - Downloading https://repo.maven.apache.org/maven2/org/apache/maven/surefire/surefire/3.1.2/surefire-3.1.2.pom
2024-01-22 12:32:30,510 [Worker-38: Creating maven-archetype-quickstart] INFO  o.e.m.c.i.e.AbstractTransferListenerAdapter - Downloaded https://repo.maven.apache.org/maven2/org/apache/maven/surefire/surefire/3.1.2/surefire-3.1.2.pom
2024-01-22 12:32:30,584 [Worker-38: Creating maven-archetype-quickstart] INFO  o.e.m.c.i.e.AbstractTransferListenerAdapter - Downloading https://repo.maven.apache.org/maven2/org/apache/maven/plugins/maven-jar-plugin/3.3.0/maven-jar-plugin-3.3.0.pom
2024-01-22 12:32:30,591 [Worker-38: Creating maven-archetype-quickstart] INFO  o.e.m.c.i.e.AbstractTransferListenerAdapter - Downloaded https://repo.maven.apache.org/maven2/org/apache/maven/plugins/maven-jar-plugin/3.3.0/maven-jar-plugin-3.3.0.pom
2024-01-22 12:32:30,648 [Worker-38: Creating maven-archetype-quickstart] INFO  o.e.m.c.i.e.AbstractTransferListenerAdapter - Downloading https://repo.maven.apache.org/maven2/org/apache/maven/plugins/maven-plugins/37/maven-plugins-37.pom
2024-01-22 12:32:30,658 [Worker-38: Creating maven-archetype-quickstart] INFO  o.e.m.c.i.e.AbstractTransferListenerAdapter - Downloaded https://repo.maven.apache.org/maven2/org/apache/maven/plugins/maven-plugins/37/maven-plugins-37.pom
2024-01-22 12:32:30,711 [Worker-38: Creating maven-archetype-quickstart] INFO  o.e.m.c.i.e.AbstractTransferListenerAdapter - Downloading https://repo.maven.apache.org/maven2/org/apache/maven/maven-parent/37/maven-parent-37.pom
2024-01-22 12:32:30,741 [Worker-38: Creating maven-archetype-quickstart] INFO  o.e.m.c.i.e.AbstractTransferListenerAdapter - Downloaded https://repo.maven.apache.org/maven2/org/apache/maven/maven-parent/37/maven-parent-37.pom
2024-01-22 12:32:30,798 [Worker-38: Creating maven-archetype-quickstart] INFO  o.e.m.c.i.e.AbstractTransferListenerAdapter - Downloading https://repo.maven.apache.org/maven2/org/apache/apache/27/apache-27.pom
2024-01-22 12:32:30,809 [Worker-38: Creating maven-archetype-quickstart] INFO  o.e.m.c.i.e.AbstractTransferListenerAdapter - Downloaded https://repo.maven.apache.org/maven2/org/apache/apache/27/apache-27.pom
2024-01-22 12:32:30,972 [Worker-38: Creating maven-archetype-quickstart] INFO  o.e.m.c.i.e.AbstractTransferListenerAdapter - Downloading https://repo.maven.apache.org/maven2/org/apache/maven/shared/file-management/3.1.0/file-management-3.1.0.pom
2024-01-22 12:32:30,978 [Worker-38: Creating maven-archetype-quickstart] INFO  o.e.m.c.i.e.AbstractTransferListenerAdapter - Downloaded https://repo.maven.apache.org/maven2/org/apache/maven/shared/file-management/3.1.0/file-management-3.1.0.pom
2024-01-22 12:32:31,029 [Worker-38: Creating maven-archetype-quickstart] INFO  o.e.m.c.i.e.AbstractTransferListenerAdapter - Downloading https://repo.maven.apache.org/maven2/org/apache/maven/shared/maven-shared-components/36/maven-shared-components-36.pom
2024-01-22 12:32:31,034 [Worker-38: Creating maven-archetype-quickstart] INFO  o.e.m.c.i.e.AbstractTransferListenerAdapter - Downloaded https://repo.maven.apache.org/maven2/org/apache/maven/shared/maven-shared-components/36/maven-shared-components-36.pom
2024-01-22 12:32:31,141 [Worker-38: Creating maven-archetype-quickstart] INFO  o.e.m.c.i.e.AbstractTransferListenerAdapter - Downloading https://repo.maven.apache.org/maven2/org/slf4j/slf4j-api/1.7.36/slf4j-api-1.7.36.pom
2024-01-22 12:32:31,146 [Worker-38: Creating maven-archetype-quickstart] INFO  o.e.m.c.i.e.AbstractTransferListenerAdapter - Downloaded https://repo.maven.apache.org/maven2/org/slf4j/slf4j-api/1.7.36/slf4j-api-1.7.36.pom
2024-01-22 12:32:31,220 [Worker-38: Creating maven-archetype-quickstart] INFO  o.e.m.c.i.e.AbstractTransferListenerAdapter - Downloading https://repo.maven.apache.org/maven2/org/slf4j/slf4j-parent/1.7.36/slf4j-parent-1.7.36.pom
2024-01-22 12:32:31,228 [Worker-38: Creating maven-archetype-quickstart] INFO  o.e.m.c.i.e.AbstractTransferListenerAdapter - Downloaded https://repo.maven.apache.org/maven2/org/slf4j/slf4j-parent/1.7.36/slf4j-parent-1.7.36.pom
2024-01-22 12:32:31,326 [Worker-38: Creating maven-archetype-quickstart] INFO  o.e.m.c.i.e.AbstractTransferListenerAdapter - Downloading https://repo.maven.apache.org/maven2/commons-io/commons-io/2.11.0/commons-io-2.11.0.pom
2024-01-22 12:32:31,332 [Worker-38: Creating maven-archetype-quickstart] INFO  o.e.m.c.i.e.AbstractTransferListenerAdapter - Downloaded https://repo.maven.apache.org/maven2/commons-io/commons-io/2.11.0/commons-io-2.11.0.pom
2024-01-22 12:32:31,384 [Worker-38: Creating maven-archetype-quickstart] INFO  o.e.m.c.i.e.AbstractTransferListenerAdapter - Downloading https://repo.maven.apache.org/maven2/org/apache/commons/commons-parent/52/commons-parent-52.pom
2024-01-22 12:32:31,415 [Worker-38: Creating maven-archetype-quickstart] INFO  o.e.m.c.i.e.AbstractTransferListenerAdapter - Downloaded https://repo.maven.apache.org/maven2/org/apache/commons/commons-parent/52/commons-parent-52.pom
2024-01-22 12:32:31,556 [Worker-38: Creating maven-archetype-quickstart] INFO  o.e.m.c.i.e.AbstractTransferListenerAdapter - Downloading https://repo.maven.apache.org/maven2/org/junit/junit-bom/5.7.2/junit-bom-5.7.2.pom
2024-01-22 12:32:31,561 [Worker-38: Creating maven-archetype-quickstart] INFO  o.e.m.c.i.e.AbstractTransferListenerAdapter - Downloaded https://repo.maven.apache.org/maven2/org/junit/junit-bom/5.7.2/junit-bom-5.7.2.pom
2024-01-22 12:32:31,649 [Worker-38: Creating maven-archetype-quickstart] INFO  o.e.m.c.i.e.AbstractTransferListenerAdapter - Downloading https://repo.maven.apache.org/maven2/org/apache/maven/maven-archiver/3.6.0/maven-archiver-3.6.0.pom
2024-01-22 12:32:31,655 [Worker-38: Creating maven-archetype-quickstart] INFO  o.e.m.c.i.e.AbstractTransferListenerAdapter - Downloaded https://repo.maven.apache.org/maven2/org/apache/maven/maven-archiver/3.6.0/maven-archiver-3.6.0.pom
2024-01-22 12:32:31,772 [Worker-38: Creating maven-archetype-quickstart] INFO  o.e.m.c.i.e.AbstractTransferListenerAdapter - Downloading https://repo.maven.apache.org/maven2/org/codehaus/plexus/plexus-io/3.4.0/plexus-io-3.4.0.pom
2024-01-22 12:32:31,777 [Worker-38: Creating maven-archetype-quickstart] INFO  o.e.m.c.i.e.AbstractTransferListenerAdapter - Downloaded https://repo.maven.apache.org/maven2/org/codehaus/plexus/plexus-io/3.4.0/plexus-io-3.4.0.pom
2024-01-22 12:32:31,875 [Worker-38: Creating maven-archetype-quickstart] INFO  o.e.m.c.i.e.AbstractTransferListenerAdapter - Downloading https://repo.maven.apache.org/maven2/javax/inject/javax.inject/1/javax.inject-1.pom
2024-01-22 12:32:31,880 [Worker-38: Creating maven-archetype-quickstart] INFO  o.e.m.c.i.e.AbstractTransferListenerAdapter - Downloaded https://repo.maven.apache.org/maven2/javax/inject/javax.inject/1/javax.inject-1.pom
2024-01-22 12:32:31,964 [Worker-38: Creating maven-archetype-quickstart] INFO  o.e.m.c.i.e.AbstractTransferListenerAdapter - Downloading https://repo.maven.apache.org/maven2/org/codehaus/plexus/plexus-archiver/4.4.0/plexus-archiver-4.4.0.pom
2024-01-22 12:32:31,973 [Worker-38: Creating maven-archetype-quickstart] INFO  o.e.m.c.i.e.AbstractTransferListenerAdapter - Downloaded https://repo.maven.apache.org/maven2/org/codehaus/plexus/plexus-archiver/4.4.0/plexus-archiver-4.4.0.pom
2024-01-22 12:32:32,122 [Worker-38: Creating maven-archetype-quickstart] INFO  o.e.m.c.i.e.AbstractTransferListenerAdapter - Downloading https://repo.maven.apache.org/maven2/org/apache/commons/commons-compress/1.21/commons-compress-1.21.pom
2024-01-22 12:32:32,157 [Worker-38: Creating maven-archetype-quickstart] INFO  o.e.m.c.i.e.AbstractTransferListenerAdapter - Downloaded https://repo.maven.apache.org/maven2/org/apache/commons/commons-compress/1.21/commons-compress-1.21.pom
2024-01-22 12:32:32,294 [Worker-38: Creating maven-archetype-quickstart] INFO  o.e.m.c.i.e.AbstractTransferListenerAdapter - Downloading https://repo.maven.apache.org/maven2/org/tukaani/xz/1.9/xz-1.9.pom
2024-01-22 12:32:32,297 [Worker-38: Creating maven-archetype-quickstart] INFO  o.e.m.c.i.e.AbstractTransferListenerAdapter - Downloaded https://repo.maven.apache.org/maven2/org/tukaani/xz/1.9/xz-1.9.pom
2024-01-22 12:32:32,453 [Worker-38: Creating maven-archetype-quickstart] INFO  o.e.m.c.i.e.AbstractTransferListenerAdapter - Downloading https://repo.maven.apache.org/maven2/org/codehaus/plexus/plexus-utils/3.4.2/plexus-utils-3.4.2.pom
2024-01-22 12:32:32,458 [Worker-38: Creating maven-archetype-quickstart] INFO  o.e.m.c.i.e.AbstractTransferListenerAdapter - Downloaded https://repo.maven.apache.org/maven2/org/codehaus/plexus/plexus-utils/3.4.2/plexus-utils-3.4.2.pom
2024-01-22 12:32:32,500 [Worker-38: Creating maven-archetype-quickstart] INFO  o.e.m.c.i.e.AbstractTransferListenerAdapter - Downloading https://repo.maven.apache.org/maven2/org/codehaus/plexus/plexus/8/plexus-8.pom
2024-01-22 12:32:32,524 [Worker-38: Creating maven-archetype-quickstart] INFO  o.e.m.c.i.e.AbstractTransferListenerAdapter - Downloaded https://repo.maven.apache.org/maven2/org/codehaus/plexus/plexus/8/plexus-8.pom
2024-01-22 12:32:32,597 [Worker-38: Creating maven-archetype-quickstart] INFO  o.e.m.c.i.e.AbstractTransferListenerAdapter - Downloading https://repo.maven.apache.org/maven2/org/apache/maven/shared/file-management/3.1.0/file-management-3.1.0.jar
2024-01-22 12:32:32,618 [Worker-38: Creating maven-archetype-quickstart] INFO  o.e.m.c.i.e.AbstractTransferListenerAdapter - Downloaded https://repo.maven.apache.org/maven2/org/apache/maven/shared/file-management/3.1.0/file-management-3.1.0.jar
2024-01-22 12:32:32,699 [BasicRepositoryConnector-repo.maven.apache.org-1-2] INFO  o.e.m.c.i.e.AbstractTransferListenerAdapter - Downloading https://repo.maven.apache.org/maven2/org/apache/maven/maven-archiver/3.6.0/maven-archiver-3.6.0.jar
2024-01-22 12:32:32,700 [BasicRepositoryConnector-repo.maven.apache.org-1-1] INFO  o.e.m.c.i.e.AbstractTransferListenerAdapter - Downloading https://repo.maven.apache.org/maven2/commons-io/commons-io/2.11.0/commons-io-2.11.0.jar
2024-01-22 12:32:32,703 [BasicRepositoryConnector-repo.maven.apache.org-1-4] INFO  o.e.m.c.i.e.AbstractTransferListenerAdapter - Downloading https://repo.maven.apache.org/maven2/javax/inject/javax.inject/1/javax.inject-1.jar
2024-01-22 12:32:32,707 [BasicRepositoryConnector-repo.maven.apache.org-1-3] INFO  o.e.m.c.i.e.AbstractTransferListenerAdapter - Downloading https://repo.maven.apache.org/maven2/org/codehaus/plexus/plexus-io/3.4.0/plexus-io-3.4.0.jar
2024-01-22 12:32:32,710 [BasicRepositoryConnector-repo.maven.apache.org-1-0] INFO  o.e.m.c.i.e.AbstractTransferListenerAdapter - Downloading https://repo.maven.apache.org/maven2/org/slf4j/slf4j-api/1.7.36/slf4j-api-1.7.36.jar
2024-01-22 12:32:32,711 [BasicRepositoryConnector-repo.maven.apache.org-1-4] INFO  o.e.m.c.i.e.AbstractTransferListenerAdapter - Downloaded https://repo.maven.apache.org/maven2/javax/inject/javax.inject/1/javax.inject-1.jar
2024-01-22 12:32:32,733 [BasicRepositoryConnector-repo.maven.apache.org-1-0] INFO  o.e.m.c.i.e.AbstractTransferListenerAdapter - Downloaded https://repo.maven.apache.org/maven2/org/slf4j/slf4j-api/1.7.36/slf4j-api-1.7.36.jar
2024-01-22 12:32:32,749 [BasicRepositoryConnector-repo.maven.apache.org-1-2] INFO  o.e.m.c.i.e.AbstractTransferListenerAdapter - Downloaded https://repo.maven.apache.org/maven2/org/apache/maven/maven-archiver/3.6.0/maven-archiver-3.6.0.jar
2024-01-22 12:32:32,800 [BasicRepositoryConnector-repo.maven.apache.org-1-4] INFO  o.e.m.c.i.e.AbstractTransferListenerAdapter - Downloading https://repo.maven.apache.org/maven2/org/codehaus/plexus/plexus-archiver/4.4.0/plexus-archiver-4.4.0.jar
2024-01-22 12:32:32,802 [BasicRepositoryConnector-repo.maven.apache.org-1-3] INFO  o.e.m.c.i.e.AbstractTransferListenerAdapter - Downloaded https://repo.maven.apache.org/maven2/org/codehaus/plexus/plexus-io/3.4.0/plexus-io-3.4.0.jar
2024-01-22 12:32:32,875 [BasicRepositoryConnector-repo.maven.apache.org-1-0] INFO  o.e.m.c.i.e.AbstractTransferListenerAdapter - Downloading https://repo.maven.apache.org/maven2/org/apache/commons/commons-compress/1.21/commons-compress-1.21.jar
2024-01-22 12:32:32,886 [BasicRepositoryConnector-repo.maven.apache.org-1-2] INFO  o.e.m.c.i.e.AbstractTransferListenerAdapter - Downloading https://repo.maven.apache.org/maven2/org/tukaani/xz/1.9/xz-1.9.jar
2024-01-22 12:32:32,898 [BasicRepositoryConnector-repo.maven.apache.org-1-3] INFO  o.e.m.c.i.e.AbstractTransferListenerAdapter - Downloading https://repo.maven.apache.org/maven2/org/codehaus/plexus/plexus-utils/3.4.2/plexus-utils-3.4.2.jar
2024-01-22 12:32:33,063 [BasicRepositoryConnector-repo.maven.apache.org-1-4] INFO  o.e.m.c.i.e.AbstractTransferListenerAdapter - Downloaded https://repo.maven.apache.org/maven2/org/codehaus/plexus/plexus-archiver/4.4.0/plexus-archiver-4.4.0.jar
2024-01-22 12:32:33,153 [BasicRepositoryConnector-repo.maven.apache.org-1-2] INFO  o.e.m.c.i.e.AbstractTransferListenerAdapter - Downloaded https://repo.maven.apache.org/maven2/org/tukaani/xz/1.9/xz-1.9.jar
2024-01-22 12:32:33,449 [BasicRepositoryConnector-repo.maven.apache.org-1-1] INFO  o.e.m.c.i.e.AbstractTransferListenerAdapter - Downloaded https://repo.maven.apache.org/maven2/commons-io/commons-io/2.11.0/commons-io-2.11.0.jar
2024-01-22 12:32:33,476 [BasicRepositoryConnector-repo.maven.apache.org-1-3] INFO  o.e.m.c.i.e.AbstractTransferListenerAdapter - Downloaded https://repo.maven.apache.org/maven2/org/codehaus/plexus/plexus-utils/3.4.2/plexus-utils-3.4.2.jar
2024-01-22 12:32:33,902 [BasicRepositoryConnector-repo.maven.apache.org-1-0] INFO  o.e.m.c.i.e.AbstractTransferListenerAdapter - Downloaded https://repo.maven.apache.org/maven2/org/apache/commons/commons-compress/1.21/commons-compress-1.21.jar
2024-01-22 12:32:35,049 [Worker-38: Creating maven-archetype-quickstart] INFO  o.e.m.c.i.e.AbstractTransferListenerAdapter - Downloading https://repo.maven.apache.org/maven2/org/codehaus/plexus/plexus-utils/3.5.1/plexus-utils-3.5.1.pom
2024-01-22 12:32:35,058 [Worker-38: Creating maven-archetype-quickstart] INFO  o.e.m.c.i.e.AbstractTransferListenerAdapter - Downloaded https://repo.maven.apache.org/maven2/org/codehaus/plexus/plexus-utils/3.5.1/plexus-utils-3.5.1.pom
2024-01-22 12:32:35,423 [Worker-38: Creating maven-archetype-quickstart] INFO  o.e.m.c.i.e.AbstractTransferListenerAdapter - Downloading https://repo.maven.apache.org/maven2/org/apache/maven/shared/maven-filtering/3.3.1/maven-filtering-3.3.1.pom
2024-01-22 12:32:35,428 [Worker-38: Creating maven-archetype-quickstart] INFO  o.e.m.c.i.e.AbstractTransferListenerAdapter - Downloaded https://repo.maven.apache.org/maven2/org/apache/maven/shared/maven-filtering/3.3.1/maven-filtering-3.3.1.pom
2024-01-22 12:32:35,649 [Worker-38: Creating maven-archetype-quickstart] INFO  o.e.m.c.i.e.AbstractTransferListenerAdapter - Downloading https://repo.maven.apache.org/maven2/org/apache/maven/shared/maven-shared-components/39/maven-shared-components-39.pom
2024-01-22 12:32:35,656 [Worker-38: Creating maven-archetype-quickstart] INFO  o.e.m.c.i.e.AbstractTransferListenerAdapter - Downloaded https://repo.maven.apache.org/maven2/org/apache/maven/shared/maven-shared-components/39/maven-shared-components-39.pom
2024-01-22 12:32:35,811 [Worker-38: Creating maven-archetype-quickstart] INFO  o.e.m.c.i.e.AbstractTransferListenerAdapter - Downloading https://repo.maven.apache.org/maven2/org/apache/commons/commons-lang3/3.12.0/commons-lang3-3.12.0.pom
2024-01-22 12:32:35,860 [Worker-38: Creating maven-archetype-quickstart] INFO  o.e.m.c.i.e.AbstractTransferListenerAdapter - Downloaded https://repo.maven.apache.org/maven2/org/apache/commons/commons-lang3/3.12.0/commons-lang3-3.12.0.pom
2024-01-22 12:32:35,923 [Worker-38: Creating maven-archetype-quickstart] INFO  o.e.m.c.i.e.AbstractTransferListenerAdapter - Downloading https://repo.maven.apache.org/maven2/org/junit/junit-bom/5.7.1/junit-bom-5.7.1.pom
2024-01-22 12:32:35,932 [Worker-38: Creating maven-archetype-quickstart] INFO  o.e.m.c.i.e.AbstractTransferListenerAdapter - Downloaded https://repo.maven.apache.org/maven2/org/junit/junit-bom/5.7.1/junit-bom-5.7.1.pom
2024-01-22 12:32:35,958 [Worker-41: Download sources and javadoc] INFO  o.e.m.c.i.e.AbstractTransferListenerAdapter - Downloading https://repo.maven.apache.org/maven2/junit/junit/3.8.1/junit-3.8.1-sources.jar
2024-01-22 12:32:36,022 [Worker-38: Creating maven-archetype-quickstart] INFO  o.e.m.c.i.e.AbstractTransferListenerAdapter - Downloading https://repo.maven.apache.org/maven2/org/codehaus/plexus/plexus-utils/3.5.1/plexus-utils-3.5.1.jar
2024-01-22 12:32:36,022 [Worker-41: Download sources and javadoc] INFO  o.e.m.c.i.e.AbstractTransferListenerAdapter - Downloaded https://repo.maven.apache.org/maven2/junit/junit/3.8.1/junit-3.8.1-sources.jar
2024-01-22 12:32:36,029 [Worker-41: Download sources and javadoc] INFO  o.e.m.j.internal.DownloadSourcesJob - Downloaded sources for junit:junit:3.8.1
2024-01-22 12:32:36,234 [Worker-38: Creating maven-archetype-quickstart] INFO  o.e.m.c.i.e.AbstractTransferListenerAdapter - Downloaded https://repo.maven.apache.org/maven2/org/codehaus/plexus/plexus-utils/3.5.1/plexus-utils-3.5.1.jar
2024-01-22 12:32:36,262 [BasicRepositoryConnector-repo.maven.apache.org-2-0] INFO  o.e.m.c.i.e.AbstractTransferListenerAdapter - Downloading https://repo.maven.apache.org/maven2/org/apache/maven/shared/maven-filtering/3.3.1/maven-filtering-3.3.1.jar
2024-01-22 12:32:36,273 [BasicRepositoryConnector-repo.maven.apache.org-2-1] INFO  o.e.m.c.i.e.AbstractTransferListenerAdapter - Downloading https://repo.maven.apache.org/maven2/org/apache/commons/commons-lang3/3.12.0/commons-lang3-3.12.0.jar
2024-01-22 12:32:36,409 [BasicRepositoryConnector-repo.maven.apache.org-2-0] INFO  o.e.m.c.i.e.AbstractTransferListenerAdapter - Downloaded https://repo.maven.apache.org/maven2/org/apache/maven/shared/maven-filtering/3.3.1/maven-filtering-3.3.1.jar
2024-01-22 12:32:37,101 [BasicRepositoryConnector-repo.maven.apache.org-2-1] INFO  o.e.m.c.i.e.AbstractTransferListenerAdapter - Downloaded https://repo.maven.apache.org/maven2/org/apache/commons/commons-lang3/3.12.0/commons-lang3-3.12.0.jar
2024-01-22 12:32:37,175 [Worker-38: Creating maven-archetype-quickstart] INFO  o.e.m.j.i.AbstractJavaProjectConfigurator - Adding source folder /demo/src/main/java
2024-01-22 12:32:37,175 [Worker-38: Creating maven-archetype-quickstart] INFO  o.e.m.j.i.AbstractJavaProjectConfigurator - Adding resource folder /demo/src/main/resources
2024-01-22 12:32:37,193 [Worker-38: Creating maven-archetype-quickstart] INFO  o.e.m.j.i.AbstractJavaProjectConfigurator - Adding source folder /demo/src/test/java
2024-01-22 12:32:37,194 [Worker-38: Creating maven-archetype-quickstart] INFO  o.e.m.j.i.AbstractJavaProjectConfigurator - Adding resource folder /demo/src/test/resources
2024-01-22 12:32:37,407 [Worker-38: Creating maven-archetype-quickstart] INFO  o.e.m.c.i.p.ProjectConfigurationManager - Imported and configured 1 project(s) in 13 sec
2024-01-22 12:32:38,119 [Worker-25: Building] INFO  o.a.m.s.f.DefaultMavenResourcesFiltering - skip non existing resourceDirectory D:\WorkSpaceJava\demo\src\main\resources
2024-01-22 12:32:38,128 [Worker-25: Building] INFO  o.a.m.s.f.DefaultMavenResourcesFiltering - skip non existing resourceDirectory D:\WorkSpaceJava\demo\src\test\resources
2024-01-22 12:38:37,595 [Worker-45: Building] INFO  o.e.m.c.i.l.LifecycleMappingFactory - Using org.eclipse.m2e.jdt.JarLifecycleMapping lifecycle mapping for MavenProject: com.krakedev:demo:0.0.1 @ D:\WorkSpaceJava\demo\pom.xml.
2024-01-22 12:38:37,741 [Worker-45: Building] INFO  o.e.m.c.i.e.AbstractTransferListenerAdapter - Downloading https://repo.maven.apache.org/maven2/org/apache/logging/log4j/log4j-api/2.22.1/log4j-api-2.22.1.pom
2024-01-22 12:38:37,746 [Worker-45: Building] INFO  o.e.m.c.i.e.AbstractTransferListenerAdapter - Downloaded https://repo.maven.apache.org/maven2/org/apache/logging/log4j/log4j-api/2.22.1/log4j-api-2.22.1.pom
2024-01-22 12:38:37,791 [Worker-45: Building] INFO  o.e.m.c.i.e.AbstractTransferListenerAdapter - Downloading https://repo.maven.apache.org/maven2/org/apache/logging/log4j/log4j/2.22.1/log4j-2.22.1.pom
2024-01-22 12:38:37,806 [Worker-45: Building] INFO  o.e.m.c.i.e.AbstractTransferListenerAdapter - Downloaded https://repo.maven.apache.org/maven2/org/apache/logging/log4j/log4j/2.22.1/log4j-2.22.1.pom
2024-01-22 12:38:37,854 [Worker-45: Building] INFO  o.e.m.c.i.e.AbstractTransferListenerAdapter - Downloading https://repo.maven.apache.org/maven2/org/apache/logging/log4j/log4j-bom/2.22.1/log4j-bom-2.22.1.pom
2024-01-22 12:38:37,859 [Worker-45: Building] INFO  o.e.m.c.i.e.AbstractTransferListenerAdapter - Downloaded https://repo.maven.apache.org/maven2/org/apache/logging/log4j/log4j-bom/2.22.1/log4j-bom-2.22.1.pom
2024-01-22 12:38:37,974 [Worker-45: Building] INFO  o.e.m.c.i.e.AbstractTransferListenerAdapter - Downloading https://repo.maven.apache.org/maven2/org/apache/logging/logging-parent/10.5.0/logging-parent-10.5.0.pom
2024-01-22 12:38:37,995 [Worker-45: Building] INFO  o.e.m.c.i.e.AbstractTransferListenerAdapter - Downloaded https://repo.maven.apache.org/maven2/org/apache/logging/logging-parent/10.5.0/logging-parent-10.5.0.pom
2024-01-22 12:38:38,079 [Worker-45: Building] INFO  o.e.m.c.i.e.AbstractTransferListenerAdapter - Downloading https://repo.maven.apache.org/maven2/org/apache/apache/31/apache-31.pom
2024-01-22 12:38:38,106 [Worker-45: Building] INFO  o.e.m.c.i.e.AbstractTransferListenerAdapter - Downloaded https://repo.maven.apache.org/maven2/org/apache/apache/31/apache-31.pom
2024-01-22 12:38:38,218 [Worker-45: Building] INFO  o.e.m.c.i.e.AbstractTransferListenerAdapter - Downloading https://repo.maven.apache.org/maven2/com/fasterxml/jackson/jackson-bom/2.16.0/jackson-bom-2.16.0.pom
2024-01-22 12:38:38,226 [Worker-45: Building] INFO  o.e.m.c.i.e.AbstractTransferListenerAdapter - Downloaded https://repo.maven.apache.org/maven2/com/fasterxml/jackson/jackson-bom/2.16.0/jackson-bom-2.16.0.pom
2024-01-22 12:38:38,280 [Worker-45: Building] INFO  o.e.m.c.i.e.AbstractTransferListenerAdapter - Downloading https://repo.maven.apache.org/maven2/com/fasterxml/jackson/jackson-parent/2.16/jackson-parent-2.16.pom
2024-01-22 12:38:38,285 [Worker-45: Building] INFO  o.e.m.c.i.e.AbstractTransferListenerAdapter - Downloaded https://repo.maven.apache.org/maven2/com/fasterxml/jackson/jackson-parent/2.16/jackson-parent-2.16.pom
2024-01-22 12:38:38,388 [Worker-45: Building] INFO  o.e.m.c.i.e.AbstractTransferListenerAdapter - Downloading https://repo.maven.apache.org/maven2/com/fasterxml/oss-parent/56/oss-parent-56.pom
2024-01-22 12:38:38,395 [Worker-45: Building] INFO  o.e.m.c.i.e.AbstractTransferListenerAdapter - Downloaded https://repo.maven.apache.org/maven2/com/fasterxml/oss-parent/56/oss-parent-56.pom
2024-01-22 12:38:38,550 [Worker-45: Building] INFO  o.e.m.c.i.e.AbstractTransferListenerAdapter - Downloading https://repo.maven.apache.org/maven2/org/junit/junit-bom/5.10.1/junit-bom-5.10.1.pom
2024-01-22 12:38:38,556 [Worker-45: Building] INFO  o.e.m.c.i.e.AbstractTransferListenerAdapter - Downloaded https://repo.maven.apache.org/maven2/org/junit/junit-bom/5.10.1/junit-bom-5.10.1.pom
2024-01-22 12:38:38,660 [Worker-45: Building] INFO  o.e.m.c.i.e.AbstractTransferListenerAdapter - Downloading https://repo.maven.apache.org/maven2/io/netty/netty-bom/4.1.104.Final/netty-bom-4.1.104.Final.pom
2024-01-22 12:38:38,670 [Worker-45: Building] INFO  o.e.m.c.i.e.AbstractTransferListenerAdapter - Downloaded https://repo.maven.apache.org/maven2/io/netty/netty-bom/4.1.104.Final/netty-bom-4.1.104.Final.pom
2024-01-22 12:38:38,799 [Worker-45: Building] INFO  o.e.m.c.i.e.AbstractTransferListenerAdapter - Downloading https://repo.maven.apache.org/maven2/org/apache/logging/log4j/log4j-core/2.22.1/log4j-core-2.22.1.pom
2024-01-22 12:38:38,807 [Worker-45: Building] INFO  o.e.m.c.i.e.AbstractTransferListenerAdapter - Downloaded https://repo.maven.apache.org/maven2/org/apache/logging/log4j/log4j-core/2.22.1/log4j-core-2.22.1.pom
2024-01-22 12:38:39,043 [Worker-45: Building] INFO  o.e.m.c.i.e.AbstractTransferListenerAdapter - Downloading https://repo.maven.apache.org/maven2/org/apache/logging/log4j/log4j-api/2.22.1/log4j-api-2.22.1.jar
2024-01-22 12:38:39,248 [Worker-45: Building] INFO  o.e.m.c.i.e.AbstractTransferListenerAdapter - Downloaded https://repo.maven.apache.org/maven2/org/apache/logging/log4j/log4j-api/2.22.1/log4j-api-2.22.1.jar
2024-01-22 12:38:39,288 [BasicRepositoryConnector-repo.maven.apache.org-3-0] INFO  o.e.m.c.i.e.AbstractTransferListenerAdapter - Downloading https://repo.maven.apache.org/maven2/org/apache/logging/log4j/log4j-core/2.22.1/log4j-core-2.22.1.jar
2024-01-22 12:38:40,491 [BasicRepositoryConnector-repo.maven.apache.org-3-0] INFO  o.e.m.c.i.e.AbstractTransferListenerAdapter - Downloaded https://repo.maven.apache.org/maven2/org/apache/logging/log4j/log4j-core/2.22.1/log4j-core-2.22.1.jar
2024-01-22 12:38:40,776 [Worker-45: Building] INFO  o.a.m.s.f.DefaultMavenResourcesFiltering - skip non existing resourceDirectory D:\WorkSpaceJava\demo\src\main\resources
2024-01-22 12:38:40,784 [Worker-45: Building] INFO  o.a.m.s.f.DefaultMavenResourcesFiltering - skip non existing resourceDirectory D:\WorkSpaceJava\demo\src\test\resources
2024-01-22 12:38:41,685 [Worker-45: Download sources and javadoc] INFO  o.e.m.c.i.e.AbstractTransferListenerAdapter - Downloading https://repo.maven.apache.org/maven2/org/apache/logging/log4j/log4j-api/2.22.1/log4j-api-2.22.1-sources.jar
2024-01-22 12:38:41,836 [Worker-45: Download sources and javadoc] INFO  o.e.m.c.i.e.AbstractTransferListenerAdapter - Downloaded https://repo.maven.apache.org/maven2/org/apache/logging/log4j/log4j-api/2.22.1/log4j-api-2.22.1-sources.jar
2024-01-22 12:38:41,843 [Worker-45: Download sources and javadoc] INFO  o.e.m.j.internal.DownloadSourcesJob - Downloaded sources for org.apache.logging.log4j:log4j-api:2.22.1
2024-01-22 12:38:41,936 [Worker-45: Download sources and javadoc] INFO  o.e.m.c.i.e.AbstractTransferListenerAdapter - Downloading https://repo.maven.apache.org/maven2/org/apache/logging/log4j/log4j-core/2.22.1/log4j-core-2.22.1-sources.jar
2024-01-22 12:38:42,503 [Worker-45: Download sources and javadoc] INFO  o.e.m.c.i.e.AbstractTransferListenerAdapter - Downloaded https://repo.maven.apache.org/maven2/org/apache/logging/log4j/log4j-core/2.22.1/log4j-core-2.22.1-sources.jar
2024-01-22 12:38:42,510 [Worker-45: Download sources and javadoc] INFO  o.e.m.j.internal.DownloadSourcesJob - Downloaded sources for org.apache.logging.log4j:log4j-core:2.22.1
2024-01-22 12:39:45,191 [Worker-46: Launching Executing install in D__WorkSpaceJava_demo] INFO  o.eclipse.m2e.core.internal.Bundles - getClasspathEntries(Bundle=org.eclipse.m2e.maven.runtime_3.9.500.20231113-2345 [626])
2024-01-22 12:39:45,192 [Worker-46: Launching Executing install in D__WorkSpaceJava_demo] INFO  o.eclipse.m2e.core.internal.Bundles - 	Entry: C:\Users\Wilso\.p2\pool\plugins\org.eclipse.m2e.maven.runtime_3.9.500.20231113-2345
2024-01-22 12:39:45,193 [Worker-46: Launching Executing install in D__WorkSpaceJava_demo] INFO  o.eclipse.m2e.core.internal.Bundles - 	Entry: C:\Users\Wilso\.p2\pool\plugins\org.eclipse.m2e.maven.runtime_3.9.500.20231113-2345\jars\aopalliance-1.0.jar
2024-01-22 12:39:45,193 [Worker-46: Launching Executing install in D__WorkSpaceJava_demo] INFO  o.eclipse.m2e.core.internal.Bundles - 	Entry: C:\Users\Wilso\.p2\pool\plugins\org.eclipse.m2e.maven.runtime_3.9.500.20231113-2345\jars\guice-5.1.0.jar
2024-01-22 12:39:45,194 [Worker-46: Launching Executing install in D__WorkSpaceJava_demo] INFO  o.eclipse.m2e.core.internal.Bundles - 	Entry: C:\Users\Wilso\.p2\pool\plugins\org.eclipse.m2e.maven.runtime_3.9.500.20231113-2345\jars\httpclient-4.5.14.jar
2024-01-22 12:39:45,194 [Worker-46: Launching Executing install in D__WorkSpaceJava_demo] INFO  o.eclipse.m2e.core.internal.Bundles - 	Entry: C:\Users\Wilso\.p2\pool\plugins\org.eclipse.m2e.maven.runtime_3.9.500.20231113-2345\jars\httpcore-4.4.16.jar
2024-01-22 12:39:45,194 [Worker-46: Launching Executing install in D__WorkSpaceJava_demo] INFO  o.eclipse.m2e.core.internal.Bundles - 	Entry: C:\Users\Wilso\.p2\pool\plugins\org.eclipse.m2e.maven.runtime_3.9.500.20231113-2345\jars\jansi-2.4.0.jar
2024-01-22 12:39:45,194 [Worker-46: Launching Executing install in D__WorkSpaceJava_demo] INFO  o.eclipse.m2e.core.internal.Bundles - 	Entry: C:\Users\Wilso\.p2\pool\plugins\org.eclipse.m2e.maven.runtime_3.9.500.20231113-2345\jars\jcl-over-slf4j-1.7.36.jar
2024-01-22 12:39:45,195 [Worker-46: Launching Executing install in D__WorkSpaceJava_demo] INFO  o.eclipse.m2e.core.internal.Bundles - 	Entry: C:\Users\Wilso\.p2\pool\plugins\org.eclipse.m2e.maven.runtime_3.9.500.20231113-2345\jars\maven-artifact-3.9.5.jar
2024-01-22 12:39:45,195 [Worker-46: Launching Executing install in D__WorkSpaceJava_demo] INFO  o.eclipse.m2e.core.internal.Bundles - 	Entry: C:\Users\Wilso\.p2\pool\plugins\org.eclipse.m2e.maven.runtime_3.9.500.20231113-2345\jars\maven-builder-support-3.9.5.jar
2024-01-22 12:39:45,195 [Worker-46: Launching Executing install in D__WorkSpaceJava_demo] INFO  o.eclipse.m2e.core.internal.Bundles - 	Entry: C:\Users\Wilso\.p2\pool\plugins\org.eclipse.m2e.maven.runtime_3.9.500.20231113-2345\jars\maven-compat-3.9.5.jar
2024-01-22 12:39:45,196 [Worker-46: Launching Executing install in D__WorkSpaceJava_demo] INFO  o.eclipse.m2e.core.internal.Bundles - 	Entry: C:\Users\Wilso\.p2\pool\plugins\org.eclipse.m2e.maven.runtime_3.9.500.20231113-2345\jars\maven-core-3.9.5.jar
2024-01-22 12:39:45,196 [Worker-46: Launching Executing install in D__WorkSpaceJava_demo] INFO  o.eclipse.m2e.core.internal.Bundles - 	Entry: C:\Users\Wilso\.p2\pool\plugins\org.eclipse.m2e.maven.runtime_3.9.500.20231113-2345\jars\maven-embedder-3.9.5.jar
2024-01-22 12:39:45,196 [Worker-46: Launching Executing install in D__WorkSpaceJava_demo] INFO  o.eclipse.m2e.core.internal.Bundles - 	Entry: C:\Users\Wilso\.p2\pool\plugins\org.eclipse.m2e.maven.runtime_3.9.500.20231113-2345\jars\maven-model-3.9.5.jar
2024-01-22 12:39:45,197 [Worker-46: Launching Executing install in D__WorkSpaceJava_demo] INFO  o.eclipse.m2e.core.internal.Bundles - 	Entry: C:\Users\Wilso\.p2\pool\plugins\org.eclipse.m2e.maven.runtime_3.9.500.20231113-2345\jars\maven-model-builder-3.9.5.jar
2024-01-22 12:39:45,199 [Worker-46: Launching Executing install in D__WorkSpaceJava_demo] INFO  o.eclipse.m2e.core.internal.Bundles - 	Entry: C:\Users\Wilso\.p2\pool\plugins\org.eclipse.m2e.maven.runtime_3.9.500.20231113-2345\jars\maven-plugin-api-3.9.5.jar
2024-01-22 12:39:45,200 [Worker-46: Launching Executing install in D__WorkSpaceJava_demo] INFO  o.eclipse.m2e.core.internal.Bundles - 	Entry: C:\Users\Wilso\.p2\pool\plugins\org.eclipse.m2e.maven.runtime_3.9.500.20231113-2345\jars\maven-repository-metadata-3.9.5.jar
2024-01-22 12:39:45,200 [Worker-46: Launching Executing install in D__WorkSpaceJava_demo] INFO  o.eclipse.m2e.core.internal.Bundles - 	Entry: C:\Users\Wilso\.p2\pool\plugins\org.eclipse.m2e.maven.runtime_3.9.500.20231113-2345\jars\maven-resolver-api-1.9.16.jar
2024-01-22 12:39:45,201 [Worker-46: Launching Executing install in D__WorkSpaceJava_demo] INFO  o.eclipse.m2e.core.internal.Bundles - 	Entry: C:\Users\Wilso\.p2\pool\plugins\org.eclipse.m2e.maven.runtime_3.9.500.20231113-2345\jars\maven-resolver-connector-basic-1.9.16.jar
2024-01-22 12:39:45,201 [Worker-46: Launching Executing install in D__WorkSpaceJava_demo] INFO  o.eclipse.m2e.core.internal.Bundles - 	Entry: C:\Users\Wilso\.p2\pool\plugins\org.eclipse.m2e.maven.runtime_3.9.500.20231113-2345\jars\maven-resolver-impl-1.9.16.jar
2024-01-22 12:39:45,201 [Worker-46: Launching Executing install in D__WorkSpaceJava_demo] INFO  o.eclipse.m2e.core.internal.Bundles - 	Entry: C:\Users\Wilso\.p2\pool\plugins\org.eclipse.m2e.maven.runtime_3.9.500.20231113-2345\jars\maven-resolver-named-locks-1.9.16.jar
2024-01-22 12:39:45,202 [Worker-46: Launching Executing install in D__WorkSpaceJava_demo] INFO  o.eclipse.m2e.core.internal.Bundles - 	Entry: C:\Users\Wilso\.p2\pool\plugins\org.eclipse.m2e.maven.runtime_3.9.500.20231113-2345\jars\maven-resolver-provider-3.9.5.jar
2024-01-22 12:39:45,202 [Worker-46: Launching Executing install in D__WorkSpaceJava_demo] INFO  o.eclipse.m2e.core.internal.Bundles - 	Entry: C:\Users\Wilso\.p2\pool\plugins\org.eclipse.m2e.maven.runtime_3.9.500.20231113-2345\jars\maven-resolver-spi-1.9.16.jar
2024-01-22 12:39:45,202 [Worker-46: Launching Executing install in D__WorkSpaceJava_demo] INFO  o.eclipse.m2e.core.internal.Bundles - 	Entry: C:\Users\Wilso\.p2\pool\plugins\org.eclipse.m2e.maven.runtime_3.9.500.20231113-2345\jars\maven-resolver-transport-file-1.9.16.jar
2024-01-22 12:39:45,203 [Worker-46: Launching Executing install in D__WorkSpaceJava_demo] INFO  o.eclipse.m2e.core.internal.Bundles - 	Entry: C:\Users\Wilso\.p2\pool\plugins\org.eclipse.m2e.maven.runtime_3.9.500.20231113-2345\jars\maven-resolver-transport-http-1.9.16.jar
2024-01-22 12:39:45,203 [Worker-46: Launching Executing install in D__WorkSpaceJava_demo] INFO  o.eclipse.m2e.core.internal.Bundles - 	Entry: C:\Users\Wilso\.p2\pool\plugins\org.eclipse.m2e.maven.runtime_3.9.500.20231113-2345\jars\maven-resolver-transport-wagon-1.9.16.jar
2024-01-22 12:39:45,204 [Worker-46: Launching Executing install in D__WorkSpaceJava_demo] INFO  o.eclipse.m2e.core.internal.Bundles - 	Entry: C:\Users\Wilso\.p2\pool\plugins\org.eclipse.m2e.maven.runtime_3.9.500.20231113-2345\jars\maven-resolver-util-1.9.16.jar
2024-01-22 12:39:45,204 [Worker-46: Launching Executing install in D__WorkSpaceJava_demo] INFO  o.eclipse.m2e.core.internal.Bundles - 	Entry: C:\Users\Wilso\.p2\pool\plugins\org.eclipse.m2e.maven.runtime_3.9.500.20231113-2345\jars\maven-settings-3.9.5.jar
2024-01-22 12:39:45,204 [Worker-46: Launching Executing install in D__WorkSpaceJava_demo] INFO  o.eclipse.m2e.core.internal.Bundles - 	Entry: C:\Users\Wilso\.p2\pool\plugins\org.eclipse.m2e.maven.runtime_3.9.500.20231113-2345\jars\maven-settings-builder-3.9.5.jar
2024-01-22 12:39:45,204 [Worker-46: Launching Executing install in D__WorkSpaceJava_demo] INFO  o.eclipse.m2e.core.internal.Bundles - 	Entry: C:\Users\Wilso\.p2\pool\plugins\org.eclipse.m2e.maven.runtime_3.9.500.20231113-2345\jars\maven-shared-utils-3.3.4.jar
2024-01-22 12:39:45,205 [Worker-46: Launching Executing install in D__WorkSpaceJava_demo] INFO  o.eclipse.m2e.core.internal.Bundles - 	Entry: C:\Users\Wilso\.p2\pool\plugins\org.eclipse.m2e.maven.runtime_3.9.500.20231113-2345\jars\org.eclipse.sisu.inject-0.3.5.jar
2024-01-22 12:39:45,205 [Worker-46: Launching Executing install in D__WorkSpaceJava_demo] INFO  o.eclipse.m2e.core.internal.Bundles - 	Entry: C:\Users\Wilso\.p2\pool\plugins\org.eclipse.m2e.maven.runtime_3.9.500.20231113-2345\jars\org.eclipse.sisu.plexus-0.3.5.jar
2024-01-22 12:39:45,205 [Worker-46: Launching Executing install in D__WorkSpaceJava_demo] INFO  o.eclipse.m2e.core.internal.Bundles - 	Entry: C:\Users\Wilso\.p2\pool\plugins\org.eclipse.m2e.maven.runtime_3.9.500.20231113-2345\jars\plexus-build-api-0.0.7.jar
2024-01-22 12:39:45,206 [Worker-46: Launching Executing install in D__WorkSpaceJava_demo] INFO  o.eclipse.m2e.core.internal.Bundles - 	Entry: C:\Users\Wilso\.p2\pool\plugins\org.eclipse.m2e.maven.runtime_3.9.500.20231113-2345\jars\plexus-cipher-2.0.jar
2024-01-22 12:39:45,206 [Worker-46: Launching Executing install in D__WorkSpaceJava_demo] INFO  o.eclipse.m2e.core.internal.Bundles - 	Entry: C:\Users\Wilso\.p2\pool\plugins\org.eclipse.m2e.maven.runtime_3.9.500.20231113-2345\jars\plexus-classworlds-2.7.0.jar
2024-01-22 12:39:45,206 [Worker-46: Launching Executing install in D__WorkSpaceJava_demo] INFO  o.eclipse.m2e.core.internal.Bundles - 	Entry: C:\Users\Wilso\.p2\pool\plugins\org.eclipse.m2e.maven.runtime_3.9.500.20231113-2345\jars\plexus-component-annotations-2.1.0.jar
2024-01-22 12:39:45,206 [Worker-46: Launching Executing install in D__WorkSpaceJava_demo] INFO  o.eclipse.m2e.core.internal.Bundles - 	Entry: C:\Users\Wilso\.p2\pool\plugins\org.eclipse.m2e.maven.runtime_3.9.500.20231113-2345\jars\plexus-interpolation-1.26.jar
2024-01-22 12:39:45,207 [Worker-46: Launching Executing install in D__WorkSpaceJava_demo] INFO  o.eclipse.m2e.core.internal.Bundles - 	Entry: C:\Users\Wilso\.p2\pool\plugins\org.eclipse.m2e.maven.runtime_3.9.500.20231113-2345\jars\plexus-sec-dispatcher-2.0.jar
2024-01-22 12:39:45,207 [Worker-46: Launching Executing install in D__WorkSpaceJava_demo] INFO  o.eclipse.m2e.core.internal.Bundles - 	Entry: C:\Users\Wilso\.p2\pool\plugins\org.eclipse.m2e.maven.runtime_3.9.500.20231113-2345\jars\plexus-utils-3.5.1.jar
2024-01-22 12:39:45,207 [Worker-46: Launching Executing install in D__WorkSpaceJava_demo] INFO  o.eclipse.m2e.core.internal.Bundles - 	Entry: C:\Users\Wilso\.p2\pool\plugins\org.eclipse.m2e.maven.runtime_3.9.500.20231113-2345\jars\wagon-file-3.5.3.jar
2024-01-22 12:39:45,207 [Worker-46: Launching Executing install in D__WorkSpaceJava_demo] INFO  o.eclipse.m2e.core.internal.Bundles - 	Entry: C:\Users\Wilso\.p2\pool\plugins\org.eclipse.m2e.maven.runtime_3.9.500.20231113-2345\jars\wagon-http-3.5.3.jar
2024-01-22 12:39:45,208 [Worker-46: Launching Executing install in D__WorkSpaceJava_demo] INFO  o.eclipse.m2e.core.internal.Bundles - 	Entry: C:\Users\Wilso\.p2\pool\plugins\org.eclipse.m2e.maven.runtime_3.9.500.20231113-2345\jars\wagon-http-shared-3.5.3.jar
2024-01-22 12:39:45,208 [Worker-46: Launching Executing install in D__WorkSpaceJava_demo] INFO  o.eclipse.m2e.core.internal.Bundles - 	Entry: C:\Users\Wilso\.p2\pool\plugins\org.eclipse.m2e.maven.runtime_3.9.500.20231113-2345\jars\wagon-provider-api-3.5.3.jar
2024-01-22 12:39:45,208 [Worker-46: Launching Executing install in D__WorkSpaceJava_demo] INFO  o.eclipse.m2e.core.internal.Bundles - getClasspathEntries(Bundle=com.google.guava_32.1.3.jre [12])
2024-01-22 12:39:45,209 [Worker-46: Launching Executing install in D__WorkSpaceJava_demo] INFO  o.eclipse.m2e.core.internal.Bundles - 	Entry: C:\Users\Wilso\.p2\pool\plugins\com.google.guava_32.1.3.jre.jar
2024-01-22 12:39:45,209 [Worker-46: Launching Executing install in D__WorkSpaceJava_demo] INFO  o.eclipse.m2e.core.internal.Bundles - getClasspathEntries(Bundle=slf4j.api_2.0.11 [986])
2024-01-22 12:39:45,210 [Worker-46: Launching Executing install in D__WorkSpaceJava_demo] INFO  o.eclipse.m2e.core.internal.Bundles - 	Entry: C:\Users\Wilso\.p2\pool\plugins\slf4j.api_2.0.11.jar
2024-01-22 12:39:45,210 [Worker-46: Launching Executing install in D__WorkSpaceJava_demo] INFO  o.eclipse.m2e.core.internal.Bundles - getClasspathEntries(Bundle=jakarta.inject.jakarta.inject-api_1.0.5 [29])
2024-01-22 12:39:45,211 [Worker-46: Launching Executing install in D__WorkSpaceJava_demo] INFO  o.eclipse.m2e.core.internal.Bundles - 	Entry: C:\Users\Wilso\.p2\pool\plugins\jakarta.inject.jakarta.inject-api_1.0.5.jar
2024-01-22 12:39:45,211 [Worker-46: Launching Executing install in D__WorkSpaceJava_demo] INFO  o.eclipse.m2e.core.internal.Bundles - getClasspathEntries(Bundle=jakarta.annotation-api_1.3.5 [24])
2024-01-22 12:39:45,211 [Worker-46: Launching Executing install in D__WorkSpaceJava_demo] INFO  o.eclipse.m2e.core.internal.Bundles - 	Entry: C:\Users\Wilso\.p2\pool\plugins\jakarta.annotation-api_1.3.5.jar
2024-01-22 12:39:45,211 [Worker-46: Launching Executing install in D__WorkSpaceJava_demo] INFO  o.eclipse.m2e.core.internal.Bundles - getClasspathEntries(Bundle=org.apache.commons.cli_1.6.0 [71])
2024-01-22 12:39:45,212 [Worker-46: Launching Executing install in D__WorkSpaceJava_demo] INFO  o.eclipse.m2e.core.internal.Bundles - 	Entry: C:\Users\Wilso\.p2\pool\plugins\org.apache.commons.cli_1.6.0.jar
2024-01-22 12:39:45,212 [Worker-46: Launching Executing install in D__WorkSpaceJava_demo] INFO  o.eclipse.m2e.core.internal.Bundles - getClasspathEntries(Bundle=org.apache.commons.commons-codec_1.16.0 [75])
2024-01-22 12:39:45,215 [Worker-46: Launching Executing install in D__WorkSpaceJava_demo] INFO  o.eclipse.m2e.core.internal.Bundles - 	Entry: C:\Users\Wilso\.p2\pool\plugins\org.apache.commons.commons-codec_1.16.0.jar
2024-01-22 12:39:45,216 [Worker-46: Launching Executing install in D__WorkSpaceJava_demo] INFO  o.eclipse.m2e.core.internal.Bundles - getClasspathEntries(Bundle=org.apache.commons.lang3_3.13.0 [82])
2024-01-22 12:39:45,217 [Worker-46: Launching Executing install in D__WorkSpaceJava_demo] INFO  o.eclipse.m2e.core.internal.Bundles - 	Entry: C:\Users\Wilso\.p2\pool\plugins\org.apache.commons.lang3_3.13.0.jar
2024-01-22 12:39:45,218 [Worker-46: Launching Executing install in D__WorkSpaceJava_demo] INFO  o.eclipse.m2e.core.internal.Bundles - getClasspathEntries(Bundle=com.google.guava.failureaccess_1.0.2 [13])
2024-01-22 12:39:45,219 [Worker-46: Launching Executing install in D__WorkSpaceJava_demo] INFO  o.eclipse.m2e.core.internal.Bundles - 	Entry: C:\Users\Wilso\.p2\pool\plugins\com.google.guava.failureaccess_1.0.2.jar
2024-01-22 12:39:45,221 [Worker-46: Launching Executing install in D__WorkSpaceJava_demo] INFO  o.e.m.i.launch.MavenLaunchDelegate - Run build in "D:\WorkSpaceJava\demo":
2024-01-22 12:39:45,221 [Worker-46: Launching Executing install in D__WorkSpaceJava_demo] INFO  o.e.m.i.launch.MavenLaunchDelegate -  mvn  -B -Dstyle.color=always install
2024-01-22 12:43:41,929 [Worker-50: Building] INFO  o.a.m.s.f.DefaultMavenResourcesFiltering - skip non existing resourceDirectory D:\WorkSpaceJava\demo\src\main\resources
2024-01-22 12:43:41,937 [Worker-50: Building] INFO  o.a.m.s.f.DefaultMavenResourcesFiltering - skip non existing resourceDirectory D:\WorkSpaceJava\demo\src\test\resources
2024-01-22 12:44:24,017 [Worker-46: Building] INFO  o.a.m.s.f.DefaultMavenResourcesFiltering - skip non existing resourceDirectory D:\WorkSpaceJava\demo\src\main\resources
2024-01-22 12:44:24,021 [Worker-46: Building] INFO  o.a.m.s.f.DefaultMavenResourcesFiltering - skip non existing resourceDirectory D:\WorkSpaceJava\demo\src\test\resources
2024-01-22 12:45:17,034 [Worker-50: Building] INFO  o.a.m.s.f.DefaultMavenResourcesFiltering - skip non existing resourceDirectory D:\WorkSpaceJava\demo\src\main\resources
2024-01-22 12:45:17,037 [Worker-50: Building] INFO  o.a.m.s.f.DefaultMavenResourcesFiltering - skip non existing resourceDirectory D:\WorkSpaceJava\demo\src\test\resources
